[2018-05-29T20:45:20,192][INFO ][o.e.n.Node               ] [] initializing ...
[2018-05-29T20:45:20,256][INFO ][o.e.e.NodeEnvironment    ] [9pw6Qxm] using [1] data paths, mounts [[/home (/dev/sda6)]], net usable_space [7.9gb], net total_space [57.1gb], spins? [no], types [xfs]
[2018-05-29T20:45:20,256][INFO ][o.e.e.NodeEnvironment    ] [9pw6Qxm] heap size [1.9gb], compressed ordinary object pointers [true]
[2018-05-29T20:45:20,276][INFO ][o.e.n.Node               ] node name [9pw6Qxm] derived from node ID [9pw6QxmEQDyXUD5SbuUaqQ]; set [node.name] to override
[2018-05-29T20:45:20,276][INFO ][o.e.n.Node               ] version[5.5.1], pid[30491], build[19c13d0/2017-07-18T20:44:24.823Z], OS[Linux/4.15.0-22-generic/amd64], JVM[Oracle Corporation/Java HotSpot(TM) 64-Bit Server VM/1.8.0_171/25.171-b11]
[2018-05-29T20:45:20,276][INFO ][o.e.n.Node               ] JVM arguments [-Xms2g, -Xmx2g, -XX:+UseConcMarkSweepGC, -XX:CMSInitiatingOccupancyFraction=75, -XX:+UseCMSInitiatingOccupancyOnly, -XX:+AlwaysPreTouch, -Xss1m, -Djava.awt.headless=true, -Dfile.encoding=UTF-8, -Djna.nosys=true, -Djdk.io.permissionsUseCanonicalPath=true, -Dio.netty.noUnsafe=true, -Dio.netty.noKeySetOptimization=true, -Dio.netty.recycler.maxCapacityPerThread=0, -Dlog4j.shutdownHookEnabled=false, -Dlog4j2.disable.jmx=true, -Dlog4j.skipJansi=true, -XX:+HeapDumpOnOutOfMemoryError, -Des.path.home=/home/ning/git/elasticsearch-5.5.1]
[2018-05-29T20:45:20,911][INFO ][o.e.p.PluginsService     ] [9pw6Qxm] loaded module [aggs-matrix-stats]
[2018-05-29T20:45:20,911][INFO ][o.e.p.PluginsService     ] [9pw6Qxm] loaded module [ingest-common]
[2018-05-29T20:45:20,911][INFO ][o.e.p.PluginsService     ] [9pw6Qxm] loaded module [lang-expression]
[2018-05-29T20:45:20,911][INFO ][o.e.p.PluginsService     ] [9pw6Qxm] loaded module [lang-groovy]
[2018-05-29T20:45:20,911][INFO ][o.e.p.PluginsService     ] [9pw6Qxm] loaded module [lang-mustache]
[2018-05-29T20:45:20,912][INFO ][o.e.p.PluginsService     ] [9pw6Qxm] loaded module [lang-painless]
[2018-05-29T20:45:20,912][INFO ][o.e.p.PluginsService     ] [9pw6Qxm] loaded module [parent-join]
[2018-05-29T20:45:20,912][INFO ][o.e.p.PluginsService     ] [9pw6Qxm] loaded module [percolator]
[2018-05-29T20:45:20,912][INFO ][o.e.p.PluginsService     ] [9pw6Qxm] loaded module [reindex]
[2018-05-29T20:45:20,912][INFO ][o.e.p.PluginsService     ] [9pw6Qxm] loaded module [transport-netty3]
[2018-05-29T20:45:20,912][INFO ][o.e.p.PluginsService     ] [9pw6Qxm] loaded module [transport-netty4]
[2018-05-29T20:45:20,913][INFO ][o.e.p.PluginsService     ] [9pw6Qxm] loaded plugin [sql]
[2018-05-29T20:45:22,436][INFO ][o.e.d.DiscoveryModule    ] [9pw6Qxm] using discovery type [zen]
[2018-05-29T20:45:23,062][INFO ][o.e.n.Node               ] initialized
[2018-05-29T20:45:23,062][INFO ][o.e.n.Node               ] [9pw6Qxm] starting ...
[2018-05-29T20:45:23,228][INFO ][o.e.t.TransportService   ] [9pw6Qxm] publish_address {127.0.0.1:9300}, bound_addresses {[::1]:9300}, {127.0.0.1:9300}
[2018-05-29T20:45:23,243][WARN ][o.e.b.BootstrapChecks    ] [9pw6Qxm] max virtual memory areas vm.max_map_count [65530] is too low, increase to at least [262144]
[2018-05-29T20:45:26,287][INFO ][o.e.c.s.ClusterService   ] [9pw6Qxm] new_master {9pw6Qxm}{9pw6QxmEQDyXUD5SbuUaqQ}{Xzx14_p6SfOqAr8-aszMzA}{127.0.0.1}{127.0.0.1:9300}, reason: zen-disco-elected-as-master ([0] nodes joined)
[2018-05-29T20:45:26,301][INFO ][o.e.h.n.Netty4HttpServerTransport] [9pw6Qxm] publish_address {127.0.0.1:9200}, bound_addresses {[::1]:9200}, {127.0.0.1:9200}
[2018-05-29T20:45:26,301][INFO ][o.e.n.Node               ] [9pw6Qxm] started
[2018-05-29T20:45:26,580][INFO ][o.e.g.GatewayService     ] [9pw6Qxm] recovered [4] indices into cluster_state
[2018-05-29T20:45:27,135][INFO ][o.e.c.r.a.AllocationService] [9pw6Qxm] Cluster health status changed from [RED] to [YELLOW] (reason: [shards started [[usping][4]] ...]).
[2018-05-29T20:45:56,351][INFO ][o.e.c.r.a.DiskThresholdMonitor] [9pw6Qxm] low disk watermark [85%] exceeded on [9pw6QxmEQDyXUD5SbuUaqQ][9pw6Qxm][/home/ning/git/elasticsearch-5.5.1/data/nodes/0] free: 8.1gb[14.2%], replicas will not be assigned to this node
[2018-05-29T20:46:26,379][INFO ][o.e.c.r.a.DiskThresholdMonitor] [9pw6Qxm] low disk watermark [85%] exceeded on [9pw6QxmEQDyXUD5SbuUaqQ][9pw6Qxm][/home/ning/git/elasticsearch-5.5.1/data/nodes/0] free: 8.1gb[14.1%], replicas will not be assigned to this node
[2018-05-29T20:46:56,396][INFO ][o.e.c.r.a.DiskThresholdMonitor] [9pw6Qxm] low disk watermark [85%] exceeded on [9pw6QxmEQDyXUD5SbuUaqQ][9pw6Qxm][/home/ning/git/elasticsearch-5.5.1/data/nodes/0] free: 8.1gb[14.1%], replicas will not be assigned to this node
[2018-05-29T20:47:26,411][INFO ][o.e.c.r.a.DiskThresholdMonitor] [9pw6Qxm] low disk watermark [85%] exceeded on [9pw6QxmEQDyXUD5SbuUaqQ][9pw6Qxm][/home/ning/git/elasticsearch-5.5.1/data/nodes/0] free: 8.1gb[14.1%], replicas will not be assigned to this node
[2018-05-29T20:47:56,428][INFO ][o.e.c.r.a.DiskThresholdMonitor] [9pw6Qxm] low disk watermark [85%] exceeded on [9pw6QxmEQDyXUD5SbuUaqQ][9pw6Qxm][/home/ning/git/elasticsearch-5.5.1/data/nodes/0] free: 8.1gb[14.1%], replicas will not be assigned to this node
[2018-05-29T20:48:26,446][INFO ][o.e.c.r.a.DiskThresholdMonitor] [9pw6Qxm] low disk watermark [85%] exceeded on [9pw6QxmEQDyXUD5SbuUaqQ][9pw6Qxm][/home/ning/git/elasticsearch-5.5.1/data/nodes/0] free: 8.1gb[14.1%], replicas will not be assigned to this node
[2018-05-29T20:48:56,468][INFO ][o.e.c.r.a.DiskThresholdMonitor] [9pw6Qxm] low disk watermark [85%] exceeded on [9pw6QxmEQDyXUD5SbuUaqQ][9pw6Qxm][/home/ning/git/elasticsearch-5.5.1/data/nodes/0] free: 8.1gb[14.1%], replicas will not be assigned to this node
[2018-05-29T20:49:26,483][INFO ][o.e.c.r.a.DiskThresholdMonitor] [9pw6Qxm] low disk watermark [85%] exceeded on [9pw6QxmEQDyXUD5SbuUaqQ][9pw6Qxm][/home/ning/git/elasticsearch-5.5.1/data/nodes/0] free: 8.1gb[14.1%], replicas will not be assigned to this node
[2018-05-29T20:49:56,501][INFO ][o.e.c.r.a.DiskThresholdMonitor] [9pw6Qxm] low disk watermark [85%] exceeded on [9pw6QxmEQDyXUD5SbuUaqQ][9pw6Qxm][/home/ning/git/elasticsearch-5.5.1/data/nodes/0] free: 8.1gb[14.1%], replicas will not be assigned to this node
[2018-05-29T20:50:26,517][INFO ][o.e.c.r.a.DiskThresholdMonitor] [9pw6Qxm] low disk watermark [85%] exceeded on [9pw6QxmEQDyXUD5SbuUaqQ][9pw6Qxm][/home/ning/git/elasticsearch-5.5.1/data/nodes/0] free: 8.1gb[14.1%], replicas will not be assigned to this node
[2018-05-29T20:50:56,533][INFO ][o.e.c.r.a.DiskThresholdMonitor] [9pw6Qxm] low disk watermark [85%] exceeded on [9pw6QxmEQDyXUD5SbuUaqQ][9pw6Qxm][/home/ning/git/elasticsearch-5.5.1/data/nodes/0] free: 8.1gb[14.2%], replicas will not be assigned to this node
[2018-05-29T20:51:26,545][INFO ][o.e.c.r.a.DiskThresholdMonitor] [9pw6Qxm] low disk watermark [85%] exceeded on [9pw6QxmEQDyXUD5SbuUaqQ][9pw6Qxm][/home/ning/git/elasticsearch-5.5.1/data/nodes/0] free: 8.1gb[14.2%], replicas will not be assigned to this node
[2018-05-29T20:51:56,560][INFO ][o.e.c.r.a.DiskThresholdMonitor] [9pw6Qxm] low disk watermark [85%] exceeded on [9pw6QxmEQDyXUD5SbuUaqQ][9pw6Qxm][/home/ning/git/elasticsearch-5.5.1/data/nodes/0] free: 8.1gb[14.2%], replicas will not be assigned to this node
[2018-05-29T20:52:26,578][INFO ][o.e.c.r.a.DiskThresholdMonitor] [9pw6Qxm] low disk watermark [85%] exceeded on [9pw6QxmEQDyXUD5SbuUaqQ][9pw6Qxm][/home/ning/git/elasticsearch-5.5.1/data/nodes/0] free: 8.1gb[14.2%], replicas will not be assigned to this node
[2018-05-29T20:52:56,593][INFO ][o.e.c.r.a.DiskThresholdMonitor] [9pw6Qxm] low disk watermark [85%] exceeded on [9pw6QxmEQDyXUD5SbuUaqQ][9pw6Qxm][/home/ning/git/elasticsearch-5.5.1/data/nodes/0] free: 8.1gb[14.2%], replicas will not be assigned to this node
[2018-05-29T20:53:26,607][INFO ][o.e.c.r.a.DiskThresholdMonitor] [9pw6Qxm] low disk watermark [85%] exceeded on [9pw6QxmEQDyXUD5SbuUaqQ][9pw6Qxm][/home/ning/git/elasticsearch-5.5.1/data/nodes/0] free: 8.1gb[14.2%], replicas will not be assigned to this node
[2018-05-29T20:53:56,621][INFO ][o.e.c.r.a.DiskThresholdMonitor] [9pw6Qxm] low disk watermark [85%] exceeded on [9pw6QxmEQDyXUD5SbuUaqQ][9pw6Qxm][/home/ning/git/elasticsearch-5.5.1/data/nodes/0] free: 8.1gb[14.2%], replicas will not be assigned to this node
[2018-05-29T20:54:26,632][INFO ][o.e.c.r.a.DiskThresholdMonitor] [9pw6Qxm] low disk watermark [85%] exceeded on [9pw6QxmEQDyXUD5SbuUaqQ][9pw6Qxm][/home/ning/git/elasticsearch-5.5.1/data/nodes/0] free: 8.1gb[14.2%], replicas will not be assigned to this node
[2018-05-29T20:54:56,656][INFO ][o.e.c.r.a.DiskThresholdMonitor] [9pw6Qxm] low disk watermark [85%] exceeded on [9pw6QxmEQDyXUD5SbuUaqQ][9pw6Qxm][/home/ning/git/elasticsearch-5.5.1/data/nodes/0] free: 8.1gb[14.2%], replicas will not be assigned to this node
[2018-05-29T20:55:26,677][INFO ][o.e.c.r.a.DiskThresholdMonitor] [9pw6Qxm] low disk watermark [85%] exceeded on [9pw6QxmEQDyXUD5SbuUaqQ][9pw6Qxm][/home/ning/git/elasticsearch-5.5.1/data/nodes/0] free: 8.1gb[14.2%], replicas will not be assigned to this node
[2018-05-29T20:55:56,703][INFO ][o.e.c.r.a.DiskThresholdMonitor] [9pw6Qxm] low disk watermark [85%] exceeded on [9pw6QxmEQDyXUD5SbuUaqQ][9pw6Qxm][/home/ning/git/elasticsearch-5.5.1/data/nodes/0] free: 8.1gb[14.2%], replicas will not be assigned to this node
[2018-05-29T20:56:26,713][INFO ][o.e.c.r.a.DiskThresholdMonitor] [9pw6Qxm] low disk watermark [85%] exceeded on [9pw6QxmEQDyXUD5SbuUaqQ][9pw6Qxm][/home/ning/git/elasticsearch-5.5.1/data/nodes/0] free: 8.1gb[14.2%], replicas will not be assigned to this node
[2018-05-29T20:56:56,732][INFO ][o.e.c.r.a.DiskThresholdMonitor] [9pw6Qxm] low disk watermark [85%] exceeded on [9pw6QxmEQDyXUD5SbuUaqQ][9pw6Qxm][/home/ning/git/elasticsearch-5.5.1/data/nodes/0] free: 8.1gb[14.1%], replicas will not be assigned to this node
[2018-05-29T20:57:26,752][INFO ][o.e.c.r.a.DiskThresholdMonitor] [9pw6Qxm] low disk watermark [85%] exceeded on [9pw6QxmEQDyXUD5SbuUaqQ][9pw6Qxm][/home/ning/git/elasticsearch-5.5.1/data/nodes/0] free: 8.1gb[14.1%], replicas will not be assigned to this node
[2018-05-29T20:57:56,766][INFO ][o.e.c.r.a.DiskThresholdMonitor] [9pw6Qxm] low disk watermark [85%] exceeded on [9pw6QxmEQDyXUD5SbuUaqQ][9pw6Qxm][/home/ning/git/elasticsearch-5.5.1/data/nodes/0] free: 8.1gb[14.1%], replicas will not be assigned to this node
[2018-05-29T20:58:26,774][INFO ][o.e.c.r.a.DiskThresholdMonitor] [9pw6Qxm] low disk watermark [85%] exceeded on [9pw6QxmEQDyXUD5SbuUaqQ][9pw6Qxm][/home/ning/git/elasticsearch-5.5.1/data/nodes/0] free: 8.1gb[14.1%], replicas will not be assigned to this node
[2018-05-29T20:58:56,799][INFO ][o.e.c.r.a.DiskThresholdMonitor] [9pw6Qxm] low disk watermark [85%] exceeded on [9pw6QxmEQDyXUD5SbuUaqQ][9pw6Qxm][/home/ning/git/elasticsearch-5.5.1/data/nodes/0] free: 8.1gb[14.1%], replicas will not be assigned to this node
[2018-05-29T20:59:26,819][INFO ][o.e.c.r.a.DiskThresholdMonitor] [9pw6Qxm] low disk watermark [85%] exceeded on [9pw6QxmEQDyXUD5SbuUaqQ][9pw6Qxm][/home/ning/git/elasticsearch-5.5.1/data/nodes/0] free: 8.1gb[14.1%], replicas will not be assigned to this node
[2018-05-29T20:59:56,841][INFO ][o.e.c.r.a.DiskThresholdMonitor] [9pw6Qxm] low disk watermark [85%] exceeded on [9pw6QxmEQDyXUD5SbuUaqQ][9pw6Qxm][/home/ning/git/elasticsearch-5.5.1/data/nodes/0] free: 8.1gb[14.1%], replicas will not be assigned to this node
[2018-05-29T21:00:26,867][INFO ][o.e.c.r.a.DiskThresholdMonitor] [9pw6Qxm] low disk watermark [85%] exceeded on [9pw6QxmEQDyXUD5SbuUaqQ][9pw6Qxm][/home/ning/git/elasticsearch-5.5.1/data/nodes/0] free: 8.1gb[14.1%], replicas will not be assigned to this node
[2018-05-29T21:00:56,892][INFO ][o.e.c.r.a.DiskThresholdMonitor] [9pw6Qxm] low disk watermark [85%] exceeded on [9pw6QxmEQDyXUD5SbuUaqQ][9pw6Qxm][/home/ning/git/elasticsearch-5.5.1/data/nodes/0] free: 8.1gb[14.1%], replicas will not be assigned to this node
[2018-05-29T21:01:26,906][INFO ][o.e.c.r.a.DiskThresholdMonitor] [9pw6Qxm] low disk watermark [85%] exceeded on [9pw6QxmEQDyXUD5SbuUaqQ][9pw6Qxm][/home/ning/git/elasticsearch-5.5.1/data/nodes/0] free: 8.1gb[14.1%], replicas will not be assigned to this node
[2018-05-29T21:01:56,916][INFO ][o.e.c.r.a.DiskThresholdMonitor] [9pw6Qxm] low disk watermark [85%] exceeded on [9pw6QxmEQDyXUD5SbuUaqQ][9pw6Qxm][/home/ning/git/elasticsearch-5.5.1/data/nodes/0] free: 8.1gb[14.1%], replicas will not be assigned to this node
[2018-05-29T21:02:26,933][INFO ][o.e.c.r.a.DiskThresholdMonitor] [9pw6Qxm] low disk watermark [85%] exceeded on [9pw6QxmEQDyXUD5SbuUaqQ][9pw6Qxm][/home/ning/git/elasticsearch-5.5.1/data/nodes/0] free: 8.1gb[14.1%], replicas will not be assigned to this node
[2018-05-29T21:02:56,954][INFO ][o.e.c.r.a.DiskThresholdMonitor] [9pw6Qxm] low disk watermark [85%] exceeded on [9pw6QxmEQDyXUD5SbuUaqQ][9pw6Qxm][/home/ning/git/elasticsearch-5.5.1/data/nodes/0] free: 8.1gb[14.1%], replicas will not be assigned to this node
[2018-05-29T21:03:26,966][INFO ][o.e.c.r.a.DiskThresholdMonitor] [9pw6Qxm] low disk watermark [85%] exceeded on [9pw6QxmEQDyXUD5SbuUaqQ][9pw6Qxm][/home/ning/git/elasticsearch-5.5.1/data/nodes/0] free: 8.1gb[14.1%], replicas will not be assigned to this node
[2018-05-29T21:03:56,975][INFO ][o.e.c.r.a.DiskThresholdMonitor] [9pw6Qxm] low disk watermark [85%] exceeded on [9pw6QxmEQDyXUD5SbuUaqQ][9pw6Qxm][/home/ning/git/elasticsearch-5.5.1/data/nodes/0] free: 8.1gb[14.1%], replicas will not be assigned to this node
[2018-05-29T21:04:26,985][INFO ][o.e.c.r.a.DiskThresholdMonitor] [9pw6Qxm] low disk watermark [85%] exceeded on [9pw6QxmEQDyXUD5SbuUaqQ][9pw6Qxm][/home/ning/git/elasticsearch-5.5.1/data/nodes/0] free: 8.1gb[14.1%], replicas will not be assigned to this node
[2018-05-29T21:04:57,001][INFO ][o.e.c.r.a.DiskThresholdMonitor] [9pw6Qxm] low disk watermark [85%] exceeded on [9pw6QxmEQDyXUD5SbuUaqQ][9pw6Qxm][/home/ning/git/elasticsearch-5.5.1/data/nodes/0] free: 8.1gb[14.1%], replicas will not be assigned to this node
[2018-05-29T21:05:27,015][INFO ][o.e.c.r.a.DiskThresholdMonitor] [9pw6Qxm] low disk watermark [85%] exceeded on [9pw6QxmEQDyXUD5SbuUaqQ][9pw6Qxm][/home/ning/git/elasticsearch-5.5.1/data/nodes/0] free: 8.1gb[14.1%], replicas will not be assigned to this node
[2018-05-29T21:05:57,028][INFO ][o.e.c.r.a.DiskThresholdMonitor] [9pw6Qxm] low disk watermark [85%] exceeded on [9pw6QxmEQDyXUD5SbuUaqQ][9pw6Qxm][/home/ning/git/elasticsearch-5.5.1/data/nodes/0] free: 8.1gb[14.1%], replicas will not be assigned to this node
[2018-05-29T21:06:27,040][INFO ][o.e.c.r.a.DiskThresholdMonitor] [9pw6Qxm] low disk watermark [85%] exceeded on [9pw6QxmEQDyXUD5SbuUaqQ][9pw6Qxm][/home/ning/git/elasticsearch-5.5.1/data/nodes/0] free: 8.1gb[14.1%], replicas will not be assigned to this node
[2018-05-29T21:06:57,065][INFO ][o.e.c.r.a.DiskThresholdMonitor] [9pw6Qxm] low disk watermark [85%] exceeded on [9pw6QxmEQDyXUD5SbuUaqQ][9pw6Qxm][/home/ning/git/elasticsearch-5.5.1/data/nodes/0] free: 8.1gb[14.1%], replicas will not be assigned to this node
[2018-05-29T21:07:27,076][INFO ][o.e.c.r.a.DiskThresholdMonitor] [9pw6Qxm] low disk watermark [85%] exceeded on [9pw6QxmEQDyXUD5SbuUaqQ][9pw6Qxm][/home/ning/git/elasticsearch-5.5.1/data/nodes/0] free: 8.1gb[14.1%], replicas will not be assigned to this node
[2018-05-29T21:07:57,096][INFO ][o.e.c.r.a.DiskThresholdMonitor] [9pw6Qxm] low disk watermark [85%] exceeded on [9pw6QxmEQDyXUD5SbuUaqQ][9pw6Qxm][/home/ning/git/elasticsearch-5.5.1/data/nodes/0] free: 8.1gb[14.1%], replicas will not be assigned to this node
[2018-05-29T21:08:27,110][INFO ][o.e.c.r.a.DiskThresholdMonitor] [9pw6Qxm] low disk watermark [85%] exceeded on [9pw6QxmEQDyXUD5SbuUaqQ][9pw6Qxm][/home/ning/git/elasticsearch-5.5.1/data/nodes/0] free: 8.1gb[14.1%], replicas will not be assigned to this node
[2018-05-29T21:08:57,123][INFO ][o.e.c.r.a.DiskThresholdMonitor] [9pw6Qxm] low disk watermark [85%] exceeded on [9pw6QxmEQDyXUD5SbuUaqQ][9pw6Qxm][/home/ning/git/elasticsearch-5.5.1/data/nodes/0] free: 8.1gb[14.1%], replicas will not be assigned to this node
[2018-05-29T21:09:27,133][INFO ][o.e.c.r.a.DiskThresholdMonitor] [9pw6Qxm] low disk watermark [85%] exceeded on [9pw6QxmEQDyXUD5SbuUaqQ][9pw6Qxm][/home/ning/git/elasticsearch-5.5.1/data/nodes/0] free: 8.1gb[14.1%], replicas will not be assigned to this node
[2018-05-29T21:09:57,153][INFO ][o.e.c.r.a.DiskThresholdMonitor] [9pw6Qxm] low disk watermark [85%] exceeded on [9pw6QxmEQDyXUD5SbuUaqQ][9pw6Qxm][/home/ning/git/elasticsearch-5.5.1/data/nodes/0] free: 8.1gb[14.1%], replicas will not be assigned to this node
[2018-05-29T21:10:27,165][INFO ][o.e.c.r.a.DiskThresholdMonitor] [9pw6Qxm] low disk watermark [85%] exceeded on [9pw6QxmEQDyXUD5SbuUaqQ][9pw6Qxm][/home/ning/git/elasticsearch-5.5.1/data/nodes/0] free: 8.1gb[14.1%], replicas will not be assigned to this node
[2018-05-29T21:10:57,175][INFO ][o.e.c.r.a.DiskThresholdMonitor] [9pw6Qxm] low disk watermark [85%] exceeded on [9pw6QxmEQDyXUD5SbuUaqQ][9pw6Qxm][/home/ning/git/elasticsearch-5.5.1/data/nodes/0] free: 8.1gb[14.1%], replicas will not be assigned to this node
[2018-05-29T21:11:27,194][INFO ][o.e.c.r.a.DiskThresholdMonitor] [9pw6Qxm] low disk watermark [85%] exceeded on [9pw6QxmEQDyXUD5SbuUaqQ][9pw6Qxm][/home/ning/git/elasticsearch-5.5.1/data/nodes/0] free: 8.1gb[14.1%], replicas will not be assigned to this node
[2018-05-29T21:11:57,202][INFO ][o.e.c.r.a.DiskThresholdMonitor] [9pw6Qxm] low disk watermark [85%] exceeded on [9pw6QxmEQDyXUD5SbuUaqQ][9pw6Qxm][/home/ning/git/elasticsearch-5.5.1/data/nodes/0] free: 8.1gb[14.1%], replicas will not be assigned to this node
[2018-05-29T21:12:27,226][INFO ][o.e.c.r.a.DiskThresholdMonitor] [9pw6Qxm] low disk watermark [85%] exceeded on [9pw6QxmEQDyXUD5SbuUaqQ][9pw6Qxm][/home/ning/git/elasticsearch-5.5.1/data/nodes/0] free: 8.1gb[14.1%], replicas will not be assigned to this node
[2018-05-29T21:12:57,239][INFO ][o.e.c.r.a.DiskThresholdMonitor] [9pw6Qxm] low disk watermark [85%] exceeded on [9pw6QxmEQDyXUD5SbuUaqQ][9pw6Qxm][/home/ning/git/elasticsearch-5.5.1/data/nodes/0] free: 8.1gb[14.1%], replicas will not be assigned to this node
[2018-05-29T21:13:27,253][INFO ][o.e.c.r.a.DiskThresholdMonitor] [9pw6Qxm] low disk watermark [85%] exceeded on [9pw6QxmEQDyXUD5SbuUaqQ][9pw6Qxm][/home/ning/git/elasticsearch-5.5.1/data/nodes/0] free: 8.1gb[14.1%], replicas will not be assigned to this node
[2018-05-29T21:13:57,308][INFO ][o.e.c.r.a.DiskThresholdMonitor] [9pw6Qxm] low disk watermark [85%] exceeded on [9pw6QxmEQDyXUD5SbuUaqQ][9pw6Qxm][/home/ning/git/elasticsearch-5.5.1/data/nodes/0] free: 8.1gb[14.1%], replicas will not be assigned to this node
[2018-05-29T21:14:27,327][INFO ][o.e.c.r.a.DiskThresholdMonitor] [9pw6Qxm] low disk watermark [85%] exceeded on [9pw6QxmEQDyXUD5SbuUaqQ][9pw6Qxm][/home/ning/git/elasticsearch-5.5.1/data/nodes/0] free: 8.1gb[14.1%], replicas will not be assigned to this node
[2018-05-29T21:14:57,342][INFO ][o.e.c.r.a.DiskThresholdMonitor] [9pw6Qxm] low disk watermark [85%] exceeded on [9pw6QxmEQDyXUD5SbuUaqQ][9pw6Qxm][/home/ning/git/elasticsearch-5.5.1/data/nodes/0] free: 8.1gb[14.1%], replicas will not be assigned to this node
[2018-05-29T21:15:27,354][INFO ][o.e.c.r.a.DiskThresholdMonitor] [9pw6Qxm] low disk watermark [85%] exceeded on [9pw6QxmEQDyXUD5SbuUaqQ][9pw6Qxm][/home/ning/git/elasticsearch-5.5.1/data/nodes/0] free: 8.1gb[14.1%], replicas will not be assigned to this node
[2018-05-29T21:15:57,364][INFO ][o.e.c.r.a.DiskThresholdMonitor] [9pw6Qxm] low disk watermark [85%] exceeded on [9pw6QxmEQDyXUD5SbuUaqQ][9pw6Qxm][/home/ning/git/elasticsearch-5.5.1/data/nodes/0] free: 8.1gb[14.1%], replicas will not be assigned to this node
[2018-05-29T21:16:27,379][INFO ][o.e.c.r.a.DiskThresholdMonitor] [9pw6Qxm] low disk watermark [85%] exceeded on [9pw6QxmEQDyXUD5SbuUaqQ][9pw6Qxm][/home/ning/git/elasticsearch-5.5.1/data/nodes/0] free: 8.1gb[14.1%], replicas will not be assigned to this node
[2018-05-29T21:16:57,390][INFO ][o.e.c.r.a.DiskThresholdMonitor] [9pw6Qxm] low disk watermark [85%] exceeded on [9pw6QxmEQDyXUD5SbuUaqQ][9pw6Qxm][/home/ning/git/elasticsearch-5.5.1/data/nodes/0] free: 8.1gb[14.1%], replicas will not be assigned to this node
[2018-05-29T21:17:27,401][INFO ][o.e.c.r.a.DiskThresholdMonitor] [9pw6Qxm] low disk watermark [85%] exceeded on [9pw6QxmEQDyXUD5SbuUaqQ][9pw6Qxm][/home/ning/git/elasticsearch-5.5.1/data/nodes/0] free: 8.1gb[14.1%], replicas will not be assigned to this node
[2018-05-29T21:17:57,414][INFO ][o.e.c.r.a.DiskThresholdMonitor] [9pw6Qxm] low disk watermark [85%] exceeded on [9pw6QxmEQDyXUD5SbuUaqQ][9pw6Qxm][/home/ning/git/elasticsearch-5.5.1/data/nodes/0] free: 8.1gb[14.1%], replicas will not be assigned to this node
[2018-05-29T21:18:27,428][INFO ][o.e.c.r.a.DiskThresholdMonitor] [9pw6Qxm] low disk watermark [85%] exceeded on [9pw6QxmEQDyXUD5SbuUaqQ][9pw6Qxm][/home/ning/git/elasticsearch-5.5.1/data/nodes/0] free: 8.1gb[14.1%], replicas will not be assigned to this node
[2018-05-29T21:18:57,445][INFO ][o.e.c.r.a.DiskThresholdMonitor] [9pw6Qxm] low disk watermark [85%] exceeded on [9pw6QxmEQDyXUD5SbuUaqQ][9pw6Qxm][/home/ning/git/elasticsearch-5.5.1/data/nodes/0] free: 8.1gb[14.1%], replicas will not be assigned to this node
[2018-05-29T21:19:27,458][INFO ][o.e.c.r.a.DiskThresholdMonitor] [9pw6Qxm] low disk watermark [85%] exceeded on [9pw6QxmEQDyXUD5SbuUaqQ][9pw6Qxm][/home/ning/git/elasticsearch-5.5.1/data/nodes/0] free: 8.1gb[14.1%], replicas will not be assigned to this node
[2018-05-29T21:19:57,477][INFO ][o.e.c.r.a.DiskThresholdMonitor] [9pw6Qxm] low disk watermark [85%] exceeded on [9pw6QxmEQDyXUD5SbuUaqQ][9pw6Qxm][/home/ning/git/elasticsearch-5.5.1/data/nodes/0] free: 8.1gb[14.1%], replicas will not be assigned to this node
[2018-05-29T21:20:27,489][INFO ][o.e.c.r.a.DiskThresholdMonitor] [9pw6Qxm] low disk watermark [85%] exceeded on [9pw6QxmEQDyXUD5SbuUaqQ][9pw6Qxm][/home/ning/git/elasticsearch-5.5.1/data/nodes/0] free: 8.1gb[14.1%], replicas will not be assigned to this node
[2018-05-29T21:20:57,498][INFO ][o.e.c.r.a.DiskThresholdMonitor] [9pw6Qxm] low disk watermark [85%] exceeded on [9pw6QxmEQDyXUD5SbuUaqQ][9pw6Qxm][/home/ning/git/elasticsearch-5.5.1/data/nodes/0] free: 8.1gb[14.1%], replicas will not be assigned to this node
[2018-05-29T21:21:27,511][INFO ][o.e.c.r.a.DiskThresholdMonitor] [9pw6Qxm] low disk watermark [85%] exceeded on [9pw6QxmEQDyXUD5SbuUaqQ][9pw6Qxm][/home/ning/git/elasticsearch-5.5.1/data/nodes/0] free: 8.1gb[14.1%], replicas will not be assigned to this node
[2018-05-29T21:21:57,529][INFO ][o.e.c.r.a.DiskThresholdMonitor] [9pw6Qxm] low disk watermark [85%] exceeded on [9pw6QxmEQDyXUD5SbuUaqQ][9pw6Qxm][/home/ning/git/elasticsearch-5.5.1/data/nodes/0] free: 8.1gb[14.1%], replicas will not be assigned to this node
[2018-05-29T21:22:27,543][INFO ][o.e.c.r.a.DiskThresholdMonitor] [9pw6Qxm] low disk watermark [85%] exceeded on [9pw6QxmEQDyXUD5SbuUaqQ][9pw6Qxm][/home/ning/git/elasticsearch-5.5.1/data/nodes/0] free: 8.1gb[14.1%], replicas will not be assigned to this node
[2018-05-29T21:22:57,553][INFO ][o.e.c.r.a.DiskThresholdMonitor] [9pw6Qxm] low disk watermark [85%] exceeded on [9pw6QxmEQDyXUD5SbuUaqQ][9pw6Qxm][/home/ning/git/elasticsearch-5.5.1/data/nodes/0] free: 8.1gb[14.2%], replicas will not be assigned to this node
[2018-05-29T21:23:27,575][INFO ][o.e.c.r.a.DiskThresholdMonitor] [9pw6Qxm] low disk watermark [85%] exceeded on [9pw6QxmEQDyXUD5SbuUaqQ][9pw6Qxm][/home/ning/git/elasticsearch-5.5.1/data/nodes/0] free: 8.1gb[14.2%], replicas will not be assigned to this node
[2018-05-29T21:23:57,594][INFO ][o.e.c.r.a.DiskThresholdMonitor] [9pw6Qxm] low disk watermark [85%] exceeded on [9pw6QxmEQDyXUD5SbuUaqQ][9pw6Qxm][/home/ning/git/elasticsearch-5.5.1/data/nodes/0] free: 8.1gb[14.2%], replicas will not be assigned to this node
[2018-05-29T21:24:27,614][INFO ][o.e.c.r.a.DiskThresholdMonitor] [9pw6Qxm] low disk watermark [85%] exceeded on [9pw6QxmEQDyXUD5SbuUaqQ][9pw6Qxm][/home/ning/git/elasticsearch-5.5.1/data/nodes/0] free: 8.1gb[14.2%], replicas will not be assigned to this node
[2018-05-29T21:24:57,628][INFO ][o.e.c.r.a.DiskThresholdMonitor] [9pw6Qxm] low disk watermark [85%] exceeded on [9pw6QxmEQDyXUD5SbuUaqQ][9pw6Qxm][/home/ning/git/elasticsearch-5.5.1/data/nodes/0] free: 8.1gb[14.2%], replicas will not be assigned to this node
[2018-05-29T21:25:27,639][INFO ][o.e.c.r.a.DiskThresholdMonitor] [9pw6Qxm] low disk watermark [85%] exceeded on [9pw6QxmEQDyXUD5SbuUaqQ][9pw6Qxm][/home/ning/git/elasticsearch-5.5.1/data/nodes/0] free: 8.1gb[14.2%], replicas will not be assigned to this node
[2018-05-29T21:25:57,664][INFO ][o.e.c.r.a.DiskThresholdMonitor] [9pw6Qxm] low disk watermark [85%] exceeded on [9pw6QxmEQDyXUD5SbuUaqQ][9pw6Qxm][/home/ning/git/elasticsearch-5.5.1/data/nodes/0] free: 8.1gb[14.1%], replicas will not be assigned to this node
[2018-05-29T21:26:27,679][INFO ][o.e.c.r.a.DiskThresholdMonitor] [9pw6Qxm] low disk watermark [85%] exceeded on [9pw6QxmEQDyXUD5SbuUaqQ][9pw6Qxm][/home/ning/git/elasticsearch-5.5.1/data/nodes/0] free: 8.1gb[14.1%], replicas will not be assigned to this node
[2018-05-29T21:26:57,687][INFO ][o.e.c.r.a.DiskThresholdMonitor] [9pw6Qxm] low disk watermark [85%] exceeded on [9pw6QxmEQDyXUD5SbuUaqQ][9pw6Qxm][/home/ning/git/elasticsearch-5.5.1/data/nodes/0] free: 8.1gb[14.1%], replicas will not be assigned to this node
[2018-05-29T21:27:27,696][INFO ][o.e.c.r.a.DiskThresholdMonitor] [9pw6Qxm] low disk watermark [85%] exceeded on [9pw6QxmEQDyXUD5SbuUaqQ][9pw6Qxm][/home/ning/git/elasticsearch-5.5.1/data/nodes/0] free: 8.1gb[14.1%], replicas will not be assigned to this node
[2018-05-29T21:27:57,712][INFO ][o.e.c.r.a.DiskThresholdMonitor] [9pw6Qxm] low disk watermark [85%] exceeded on [9pw6QxmEQDyXUD5SbuUaqQ][9pw6Qxm][/home/ning/git/elasticsearch-5.5.1/data/nodes/0] free: 8.1gb[14.1%], replicas will not be assigned to this node
[2018-05-29T21:28:27,733][INFO ][o.e.c.r.a.DiskThresholdMonitor] [9pw6Qxm] low disk watermark [85%] exceeded on [9pw6QxmEQDyXUD5SbuUaqQ][9pw6Qxm][/home/ning/git/elasticsearch-5.5.1/data/nodes/0] free: 8.1gb[14.1%], replicas will not be assigned to this node
[2018-05-29T21:28:57,752][INFO ][o.e.c.r.a.DiskThresholdMonitor] [9pw6Qxm] low disk watermark [85%] exceeded on [9pw6QxmEQDyXUD5SbuUaqQ][9pw6Qxm][/home/ning/git/elasticsearch-5.5.1/data/nodes/0] free: 8.1gb[14.1%], replicas will not be assigned to this node
[2018-05-29T21:29:27,767][INFO ][o.e.c.r.a.DiskThresholdMonitor] [9pw6Qxm] low disk watermark [85%] exceeded on [9pw6QxmEQDyXUD5SbuUaqQ][9pw6Qxm][/home/ning/git/elasticsearch-5.5.1/data/nodes/0] free: 8.1gb[14.1%], replicas will not be assigned to this node
[2018-05-29T21:29:57,781][INFO ][o.e.c.r.a.DiskThresholdMonitor] [9pw6Qxm] low disk watermark [85%] exceeded on [9pw6QxmEQDyXUD5SbuUaqQ][9pw6Qxm][/home/ning/git/elasticsearch-5.5.1/data/nodes/0] free: 8.1gb[14.1%], replicas will not be assigned to this node
[2018-05-29T21:30:27,800][INFO ][o.e.c.r.a.DiskThresholdMonitor] [9pw6Qxm] low disk watermark [85%] exceeded on [9pw6QxmEQDyXUD5SbuUaqQ][9pw6Qxm][/home/ning/git/elasticsearch-5.5.1/data/nodes/0] free: 8.1gb[14.1%], replicas will not be assigned to this node
[2018-05-29T21:30:57,809][INFO ][o.e.c.r.a.DiskThresholdMonitor] [9pw6Qxm] low disk watermark [85%] exceeded on [9pw6QxmEQDyXUD5SbuUaqQ][9pw6Qxm][/home/ning/git/elasticsearch-5.5.1/data/nodes/0] free: 8.1gb[14.1%], replicas will not be assigned to this node
[2018-05-29T21:31:27,828][INFO ][o.e.c.r.a.DiskThresholdMonitor] [9pw6Qxm] low disk watermark [85%] exceeded on [9pw6QxmEQDyXUD5SbuUaqQ][9pw6Qxm][/home/ning/git/elasticsearch-5.5.1/data/nodes/0] free: 8.1gb[14.1%], replicas will not be assigned to this node
[2018-05-29T21:31:57,839][INFO ][o.e.c.r.a.DiskThresholdMonitor] [9pw6Qxm] low disk watermark [85%] exceeded on [9pw6QxmEQDyXUD5SbuUaqQ][9pw6Qxm][/home/ning/git/elasticsearch-5.5.1/data/nodes/0] free: 8.1gb[14.1%], replicas will not be assigned to this node
[2018-05-29T21:32:27,859][INFO ][o.e.c.r.a.DiskThresholdMonitor] [9pw6Qxm] low disk watermark [85%] exceeded on [9pw6QxmEQDyXUD5SbuUaqQ][9pw6Qxm][/home/ning/git/elasticsearch-5.5.1/data/nodes/0] free: 8.1gb[14.1%], replicas will not be assigned to this node
[2018-05-29T21:32:57,875][INFO ][o.e.c.r.a.DiskThresholdMonitor] [9pw6Qxm] low disk watermark [85%] exceeded on [9pw6QxmEQDyXUD5SbuUaqQ][9pw6Qxm][/home/ning/git/elasticsearch-5.5.1/data/nodes/0] free: 8gb[14.1%], replicas will not be assigned to this node
[2018-05-29T21:33:27,886][INFO ][o.e.c.r.a.DiskThresholdMonitor] [9pw6Qxm] low disk watermark [85%] exceeded on [9pw6QxmEQDyXUD5SbuUaqQ][9pw6Qxm][/home/ning/git/elasticsearch-5.5.1/data/nodes/0] free: 8gb[14.1%], replicas will not be assigned to this node
[2018-05-29T21:33:57,907][INFO ][o.e.c.r.a.DiskThresholdMonitor] [9pw6Qxm] low disk watermark [85%] exceeded on [9pw6QxmEQDyXUD5SbuUaqQ][9pw6Qxm][/home/ning/git/elasticsearch-5.5.1/data/nodes/0] free: 8gb[14.1%], replicas will not be assigned to this node
[2018-05-29T21:34:27,920][INFO ][o.e.c.r.a.DiskThresholdMonitor] [9pw6Qxm] low disk watermark [85%] exceeded on [9pw6QxmEQDyXUD5SbuUaqQ][9pw6Qxm][/home/ning/git/elasticsearch-5.5.1/data/nodes/0] free: 8gb[14.1%], replicas will not be assigned to this node
[2018-05-29T21:34:57,933][INFO ][o.e.c.r.a.DiskThresholdMonitor] [9pw6Qxm] low disk watermark [85%] exceeded on [9pw6QxmEQDyXUD5SbuUaqQ][9pw6Qxm][/home/ning/git/elasticsearch-5.5.1/data/nodes/0] free: 8gb[14.1%], replicas will not be assigned to this node
[2018-05-29T21:35:27,947][INFO ][o.e.c.r.a.DiskThresholdMonitor] [9pw6Qxm] low disk watermark [85%] exceeded on [9pw6QxmEQDyXUD5SbuUaqQ][9pw6Qxm][/home/ning/git/elasticsearch-5.5.1/data/nodes/0] free: 8.1gb[14.1%], replicas will not be assigned to this node
[2018-05-29T21:35:57,960][INFO ][o.e.c.r.a.DiskThresholdMonitor] [9pw6Qxm] low disk watermark [85%] exceeded on [9pw6QxmEQDyXUD5SbuUaqQ][9pw6Qxm][/home/ning/git/elasticsearch-5.5.1/data/nodes/0] free: 8.1gb[14.1%], replicas will not be assigned to this node
[2018-05-29T21:36:27,972][INFO ][o.e.c.r.a.DiskThresholdMonitor] [9pw6Qxm] low disk watermark [85%] exceeded on [9pw6QxmEQDyXUD5SbuUaqQ][9pw6Qxm][/home/ning/git/elasticsearch-5.5.1/data/nodes/0] free: 8.1gb[14.1%], replicas will not be assigned to this node
[2018-05-29T21:36:57,981][INFO ][o.e.c.r.a.DiskThresholdMonitor] [9pw6Qxm] low disk watermark [85%] exceeded on [9pw6QxmEQDyXUD5SbuUaqQ][9pw6Qxm][/home/ning/git/elasticsearch-5.5.1/data/nodes/0] free: 8.1gb[14.1%], replicas will not be assigned to this node
