[2018-01-19T14:41:33,207][ERROR][o.e.b.Bootstrap          ] Exception
java.lang.RuntimeException: can not run elasticsearch as root
	at org.elasticsearch.bootstrap.Bootstrap.initializeNatives(Bootstrap.java:106) ~[elasticsearch-5.5.1.jar:5.5.1]
	at org.elasticsearch.bootstrap.Bootstrap.setup(Bootstrap.java:194) ~[elasticsearch-5.5.1.jar:5.5.1]
	at org.elasticsearch.bootstrap.Bootstrap.init(Bootstrap.java:351) [elasticsearch-5.5.1.jar:5.5.1]
	at org.elasticsearch.bootstrap.Elasticsearch.init(Elasticsearch.java:123) [elasticsearch-5.5.1.jar:5.5.1]
	at org.elasticsearch.bootstrap.Elasticsearch.execute(Elasticsearch.java:114) [elasticsearch-5.5.1.jar:5.5.1]
	at org.elasticsearch.cli.EnvironmentAwareCommand.execute(EnvironmentAwareCommand.java:67) [elasticsearch-5.5.1.jar:5.5.1]
	at org.elasticsearch.cli.Command.mainWithoutErrorHandling(Command.java:122) [elasticsearch-5.5.1.jar:5.5.1]
	at org.elasticsearch.cli.Command.main(Command.java:88) [elasticsearch-5.5.1.jar:5.5.1]
	at org.elasticsearch.bootstrap.Elasticsearch.main(Elasticsearch.java:91) [elasticsearch-5.5.1.jar:5.5.1]
	at org.elasticsearch.bootstrap.Elasticsearch.main(Elasticsearch.java:84) [elasticsearch-5.5.1.jar:5.5.1]
[2018-01-19T14:41:33,216][WARN ][o.e.b.ElasticsearchUncaughtExceptionHandler] [] uncaught exception in thread [main]
org.elasticsearch.bootstrap.StartupException: java.lang.RuntimeException: can not run elasticsearch as root
	at org.elasticsearch.bootstrap.Elasticsearch.init(Elasticsearch.java:127) ~[elasticsearch-5.5.1.jar:5.5.1]
	at org.elasticsearch.bootstrap.Elasticsearch.execute(Elasticsearch.java:114) ~[elasticsearch-5.5.1.jar:5.5.1]
	at org.elasticsearch.cli.EnvironmentAwareCommand.execute(EnvironmentAwareCommand.java:67) ~[elasticsearch-5.5.1.jar:5.5.1]
	at org.elasticsearch.cli.Command.mainWithoutErrorHandling(Command.java:122) ~[elasticsearch-5.5.1.jar:5.5.1]
	at org.elasticsearch.cli.Command.main(Command.java:88) ~[elasticsearch-5.5.1.jar:5.5.1]
	at org.elasticsearch.bootstrap.Elasticsearch.main(Elasticsearch.java:91) ~[elasticsearch-5.5.1.jar:5.5.1]
	at org.elasticsearch.bootstrap.Elasticsearch.main(Elasticsearch.java:84) ~[elasticsearch-5.5.1.jar:5.5.1]
Caused by: java.lang.RuntimeException: can not run elasticsearch as root
	at org.elasticsearch.bootstrap.Bootstrap.initializeNatives(Bootstrap.java:106) ~[elasticsearch-5.5.1.jar:5.5.1]
	at org.elasticsearch.bootstrap.Bootstrap.setup(Bootstrap.java:194) ~[elasticsearch-5.5.1.jar:5.5.1]
	at org.elasticsearch.bootstrap.Bootstrap.init(Bootstrap.java:351) ~[elasticsearch-5.5.1.jar:5.5.1]
	at org.elasticsearch.bootstrap.Elasticsearch.init(Elasticsearch.java:123) ~[elasticsearch-5.5.1.jar:5.5.1]
	... 6 more
[2018-01-19T14:42:22,520][ERROR][o.e.b.Bootstrap          ] Exception
java.lang.RuntimeException: can not run elasticsearch as root
	at org.elasticsearch.bootstrap.Bootstrap.initializeNatives(Bootstrap.java:106) ~[elasticsearch-5.5.1.jar:5.5.1]
	at org.elasticsearch.bootstrap.Bootstrap.setup(Bootstrap.java:194) ~[elasticsearch-5.5.1.jar:5.5.1]
	at org.elasticsearch.bootstrap.Bootstrap.init(Bootstrap.java:351) [elasticsearch-5.5.1.jar:5.5.1]
	at org.elasticsearch.bootstrap.Elasticsearch.init(Elasticsearch.java:123) [elasticsearch-5.5.1.jar:5.5.1]
	at org.elasticsearch.bootstrap.Elasticsearch.execute(Elasticsearch.java:114) [elasticsearch-5.5.1.jar:5.5.1]
	at org.elasticsearch.cli.EnvironmentAwareCommand.execute(EnvironmentAwareCommand.java:67) [elasticsearch-5.5.1.jar:5.5.1]
	at org.elasticsearch.cli.Command.mainWithoutErrorHandling(Command.java:122) [elasticsearch-5.5.1.jar:5.5.1]
	at org.elasticsearch.cli.Command.main(Command.java:88) [elasticsearch-5.5.1.jar:5.5.1]
	at org.elasticsearch.bootstrap.Elasticsearch.main(Elasticsearch.java:91) [elasticsearch-5.5.1.jar:5.5.1]
	at org.elasticsearch.bootstrap.Elasticsearch.main(Elasticsearch.java:84) [elasticsearch-5.5.1.jar:5.5.1]
[2018-01-19T14:42:22,527][WARN ][o.e.b.ElasticsearchUncaughtExceptionHandler] [] uncaught exception in thread [main]
org.elasticsearch.bootstrap.StartupException: java.lang.RuntimeException: can not run elasticsearch as root
	at org.elasticsearch.bootstrap.Elasticsearch.init(Elasticsearch.java:127) ~[elasticsearch-5.5.1.jar:5.5.1]
	at org.elasticsearch.bootstrap.Elasticsearch.execute(Elasticsearch.java:114) ~[elasticsearch-5.5.1.jar:5.5.1]
	at org.elasticsearch.cli.EnvironmentAwareCommand.execute(EnvironmentAwareCommand.java:67) ~[elasticsearch-5.5.1.jar:5.5.1]
	at org.elasticsearch.cli.Command.mainWithoutErrorHandling(Command.java:122) ~[elasticsearch-5.5.1.jar:5.5.1]
	at org.elasticsearch.cli.Command.main(Command.java:88) ~[elasticsearch-5.5.1.jar:5.5.1]
	at org.elasticsearch.bootstrap.Elasticsearch.main(Elasticsearch.java:91) ~[elasticsearch-5.5.1.jar:5.5.1]
	at org.elasticsearch.bootstrap.Elasticsearch.main(Elasticsearch.java:84) ~[elasticsearch-5.5.1.jar:5.5.1]
Caused by: java.lang.RuntimeException: can not run elasticsearch as root
	at org.elasticsearch.bootstrap.Bootstrap.initializeNatives(Bootstrap.java:106) ~[elasticsearch-5.5.1.jar:5.5.1]
	at org.elasticsearch.bootstrap.Bootstrap.setup(Bootstrap.java:194) ~[elasticsearch-5.5.1.jar:5.5.1]
	at org.elasticsearch.bootstrap.Bootstrap.init(Bootstrap.java:351) ~[elasticsearch-5.5.1.jar:5.5.1]
	at org.elasticsearch.bootstrap.Elasticsearch.init(Elasticsearch.java:123) ~[elasticsearch-5.5.1.jar:5.5.1]
	... 6 more
[2018-01-19T14:43:24,473][ERROR][o.e.b.Bootstrap          ] Exception
java.lang.RuntimeException: can not run elasticsearch as root
	at org.elasticsearch.bootstrap.Bootstrap.initializeNatives(Bootstrap.java:106) ~[elasticsearch-5.5.1.jar:5.5.1]
	at org.elasticsearch.bootstrap.Bootstrap.setup(Bootstrap.java:194) ~[elasticsearch-5.5.1.jar:5.5.1]
	at org.elasticsearch.bootstrap.Bootstrap.init(Bootstrap.java:351) [elasticsearch-5.5.1.jar:5.5.1]
	at org.elasticsearch.bootstrap.Elasticsearch.init(Elasticsearch.java:123) [elasticsearch-5.5.1.jar:5.5.1]
	at org.elasticsearch.bootstrap.Elasticsearch.execute(Elasticsearch.java:114) [elasticsearch-5.5.1.jar:5.5.1]
	at org.elasticsearch.cli.EnvironmentAwareCommand.execute(EnvironmentAwareCommand.java:67) [elasticsearch-5.5.1.jar:5.5.1]
	at org.elasticsearch.cli.Command.mainWithoutErrorHandling(Command.java:122) [elasticsearch-5.5.1.jar:5.5.1]
	at org.elasticsearch.cli.Command.main(Command.java:88) [elasticsearch-5.5.1.jar:5.5.1]
	at org.elasticsearch.bootstrap.Elasticsearch.main(Elasticsearch.java:91) [elasticsearch-5.5.1.jar:5.5.1]
	at org.elasticsearch.bootstrap.Elasticsearch.main(Elasticsearch.java:84) [elasticsearch-5.5.1.jar:5.5.1]
[2018-01-19T14:43:24,478][WARN ][o.e.b.ElasticsearchUncaughtExceptionHandler] [] uncaught exception in thread [main]
org.elasticsearch.bootstrap.StartupException: java.lang.RuntimeException: can not run elasticsearch as root
	at org.elasticsearch.bootstrap.Elasticsearch.init(Elasticsearch.java:127) ~[elasticsearch-5.5.1.jar:5.5.1]
	at org.elasticsearch.bootstrap.Elasticsearch.execute(Elasticsearch.java:114) ~[elasticsearch-5.5.1.jar:5.5.1]
	at org.elasticsearch.cli.EnvironmentAwareCommand.execute(EnvironmentAwareCommand.java:67) ~[elasticsearch-5.5.1.jar:5.5.1]
	at org.elasticsearch.cli.Command.mainWithoutErrorHandling(Command.java:122) ~[elasticsearch-5.5.1.jar:5.5.1]
	at org.elasticsearch.cli.Command.main(Command.java:88) ~[elasticsearch-5.5.1.jar:5.5.1]
	at org.elasticsearch.bootstrap.Elasticsearch.main(Elasticsearch.java:91) ~[elasticsearch-5.5.1.jar:5.5.1]
	at org.elasticsearch.bootstrap.Elasticsearch.main(Elasticsearch.java:84) ~[elasticsearch-5.5.1.jar:5.5.1]
Caused by: java.lang.RuntimeException: can not run elasticsearch as root
	at org.elasticsearch.bootstrap.Bootstrap.initializeNatives(Bootstrap.java:106) ~[elasticsearch-5.5.1.jar:5.5.1]
	at org.elasticsearch.bootstrap.Bootstrap.setup(Bootstrap.java:194) ~[elasticsearch-5.5.1.jar:5.5.1]
	at org.elasticsearch.bootstrap.Bootstrap.init(Bootstrap.java:351) ~[elasticsearch-5.5.1.jar:5.5.1]
	at org.elasticsearch.bootstrap.Elasticsearch.init(Elasticsearch.java:123) ~[elasticsearch-5.5.1.jar:5.5.1]
	... 6 more
[2018-02-10T16:01:59,899][INFO ][o.e.n.Node               ] [] initializing ...
[2018-02-10T16:01:59,959][INFO ][o.e.e.NodeEnvironment    ] [9pw6Qxm] using [1] data paths, mounts [[/ (/dev/sda5)]], net usable_space [220.2gb], net total_space [319.6gb], spins? [no], types [ext4]
[2018-02-10T16:01:59,959][INFO ][o.e.e.NodeEnvironment    ] [9pw6Qxm] heap size [1.9gb], compressed ordinary object pointers [true]
[2018-02-10T16:01:59,976][INFO ][o.e.n.Node               ] node name [9pw6Qxm] derived from node ID [9pw6QxmEQDyXUD5SbuUaqQ]; set [node.name] to override
[2018-02-10T16:01:59,976][INFO ][o.e.n.Node               ] version[5.5.1], pid[31398], build[19c13d0/2017-07-18T20:44:24.823Z], OS[Linux/4.14.0-deepin2-amd64/amd64], JVM[Azul Systems, Inc./OpenJDK 64-Bit Server VM/1.8.0_152/25.152-b16]
[2018-02-10T16:01:59,977][INFO ][o.e.n.Node               ] JVM arguments [-Xms2g, -Xmx2g, -XX:+UseConcMarkSweepGC, -XX:CMSInitiatingOccupancyFraction=75, -XX:+UseCMSInitiatingOccupancyOnly, -XX:+AlwaysPreTouch, -Xss1m, -Djava.awt.headless=true, -Dfile.encoding=UTF-8, -Djna.nosys=true, -Djdk.io.permissionsUseCanonicalPath=true, -Dio.netty.noUnsafe=true, -Dio.netty.noKeySetOptimization=true, -Dio.netty.recycler.maxCapacityPerThread=0, -Dlog4j.shutdownHookEnabled=false, -Dlog4j2.disable.jmx=true, -Dlog4j.skipJansi=true, -XX:+HeapDumpOnOutOfMemoryError, -Des.path.home=/opt/elasticsearch-5.5.1, -Dawt.useSystemAAFontSettings=gasp]
[2018-02-10T16:02:00,541][INFO ][o.e.p.PluginsService     ] [9pw6Qxm] loaded module [aggs-matrix-stats]
[2018-02-10T16:02:00,541][INFO ][o.e.p.PluginsService     ] [9pw6Qxm] loaded module [ingest-common]
[2018-02-10T16:02:00,541][INFO ][o.e.p.PluginsService     ] [9pw6Qxm] loaded module [lang-expression]
[2018-02-10T16:02:00,541][INFO ][o.e.p.PluginsService     ] [9pw6Qxm] loaded module [lang-groovy]
[2018-02-10T16:02:00,541][INFO ][o.e.p.PluginsService     ] [9pw6Qxm] loaded module [lang-mustache]
[2018-02-10T16:02:00,542][INFO ][o.e.p.PluginsService     ] [9pw6Qxm] loaded module [lang-painless]
[2018-02-10T16:02:00,542][INFO ][o.e.p.PluginsService     ] [9pw6Qxm] loaded module [parent-join]
[2018-02-10T16:02:00,542][INFO ][o.e.p.PluginsService     ] [9pw6Qxm] loaded module [percolator]
[2018-02-10T16:02:00,542][INFO ][o.e.p.PluginsService     ] [9pw6Qxm] loaded module [reindex]
[2018-02-10T16:02:00,542][INFO ][o.e.p.PluginsService     ] [9pw6Qxm] loaded module [transport-netty3]
[2018-02-10T16:02:00,542][INFO ][o.e.p.PluginsService     ] [9pw6Qxm] loaded module [transport-netty4]
[2018-02-10T16:02:00,543][INFO ][o.e.p.PluginsService     ] [9pw6Qxm] no plugins loaded
[2018-02-10T16:02:01,778][INFO ][o.e.d.DiscoveryModule    ] [9pw6Qxm] using discovery type [zen]
[2018-02-10T16:02:02,268][INFO ][o.e.n.Node               ] initialized
[2018-02-10T16:02:02,269][INFO ][o.e.n.Node               ] [9pw6Qxm] starting ...
[2018-02-10T16:02:02,390][INFO ][o.e.t.TransportService   ] [9pw6Qxm] publish_address {127.0.0.1:9300}, bound_addresses {[::1]:9300}, {127.0.0.1:9300}
[2018-02-10T16:02:02,398][WARN ][o.e.b.BootstrapChecks    ] [9pw6Qxm] max virtual memory areas vm.max_map_count [65530] is too low, increase to at least [262144]
[2018-02-10T16:02:05,438][INFO ][o.e.c.s.ClusterService   ] [9pw6Qxm] new_master {9pw6Qxm}{9pw6QxmEQDyXUD5SbuUaqQ}{EPVuzOCWR0eB0qzh0oTesw}{127.0.0.1}{127.0.0.1:9300}, reason: zen-disco-elected-as-master ([0] nodes joined)
[2018-02-10T16:02:05,460][INFO ][o.e.h.n.Netty4HttpServerTransport] [9pw6Qxm] publish_address {127.0.0.1:9200}, bound_addresses {[::1]:9200}, {127.0.0.1:9200}
[2018-02-10T16:02:05,461][INFO ][o.e.n.Node               ] [9pw6Qxm] started
[2018-02-10T16:02:05,694][INFO ][o.e.g.GatewayService     ] [9pw6Qxm] recovered [3] indices into cluster_state
[2018-02-10T16:02:06,264][INFO ][o.e.c.r.a.AllocationService] [9pw6Qxm] Cluster health status changed from [RED] to [YELLOW] (reason: [shards started [[usping][0]] ...]).
[2018-02-10T17:22:00,578][INFO ][o.e.n.Node               ] [9pw6Qxm] stopping ...
[2018-02-10T17:22:00,683][INFO ][o.e.n.Node               ] [9pw6Qxm] stopped
[2018-02-10T17:22:00,683][INFO ][o.e.n.Node               ] [9pw6Qxm] closing ...
[2018-02-10T17:22:00,689][INFO ][o.e.n.Node               ] [9pw6Qxm] closed
[2018-02-10T20:31:13,958][INFO ][o.e.n.Node               ] [] initializing ...
[2018-02-10T20:31:14,019][INFO ][o.e.e.NodeEnvironment    ] [9pw6Qxm] using [1] data paths, mounts [[/ (/dev/sda5)]], net usable_space [218gb], net total_space [319.6gb], spins? [no], types [ext4]
[2018-02-10T20:31:14,019][INFO ][o.e.e.NodeEnvironment    ] [9pw6Qxm] heap size [1.9gb], compressed ordinary object pointers [true]
[2018-02-10T20:31:14,040][INFO ][o.e.n.Node               ] node name [9pw6Qxm] derived from node ID [9pw6QxmEQDyXUD5SbuUaqQ]; set [node.name] to override
[2018-02-10T20:31:14,040][INFO ][o.e.n.Node               ] version[5.5.1], pid[13584], build[19c13d0/2017-07-18T20:44:24.823Z], OS[Linux/4.14.0-deepin2-amd64/amd64], JVM[Azul Systems, Inc./OpenJDK 64-Bit Server VM/1.8.0_152/25.152-b16]
[2018-02-10T20:31:14,040][INFO ][o.e.n.Node               ] JVM arguments [-Xms2g, -Xmx2g, -XX:+UseConcMarkSweepGC, -XX:CMSInitiatingOccupancyFraction=75, -XX:+UseCMSInitiatingOccupancyOnly, -XX:+AlwaysPreTouch, -Xss1m, -Djava.awt.headless=true, -Dfile.encoding=UTF-8, -Djna.nosys=true, -Djdk.io.permissionsUseCanonicalPath=true, -Dio.netty.noUnsafe=true, -Dio.netty.noKeySetOptimization=true, -Dio.netty.recycler.maxCapacityPerThread=0, -Dlog4j.shutdownHookEnabled=false, -Dlog4j2.disable.jmx=true, -Dlog4j.skipJansi=true, -XX:+HeapDumpOnOutOfMemoryError, -Des.path.home=/opt/elasticsearch-5.5.1, -Dawt.useSystemAAFontSettings=gasp]
[2018-02-10T20:31:14,608][INFO ][o.e.p.PluginsService     ] [9pw6Qxm] loaded module [aggs-matrix-stats]
[2018-02-10T20:31:14,608][INFO ][o.e.p.PluginsService     ] [9pw6Qxm] loaded module [ingest-common]
[2018-02-10T20:31:14,608][INFO ][o.e.p.PluginsService     ] [9pw6Qxm] loaded module [lang-expression]
[2018-02-10T20:31:14,608][INFO ][o.e.p.PluginsService     ] [9pw6Qxm] loaded module [lang-groovy]
[2018-02-10T20:31:14,608][INFO ][o.e.p.PluginsService     ] [9pw6Qxm] loaded module [lang-mustache]
[2018-02-10T20:31:14,608][INFO ][o.e.p.PluginsService     ] [9pw6Qxm] loaded module [lang-painless]
[2018-02-10T20:31:14,608][INFO ][o.e.p.PluginsService     ] [9pw6Qxm] loaded module [parent-join]
[2018-02-10T20:31:14,608][INFO ][o.e.p.PluginsService     ] [9pw6Qxm] loaded module [percolator]
[2018-02-10T20:31:14,609][INFO ][o.e.p.PluginsService     ] [9pw6Qxm] loaded module [reindex]
[2018-02-10T20:31:14,609][INFO ][o.e.p.PluginsService     ] [9pw6Qxm] loaded module [transport-netty3]
[2018-02-10T20:31:14,609][INFO ][o.e.p.PluginsService     ] [9pw6Qxm] loaded module [transport-netty4]
[2018-02-10T20:31:14,609][INFO ][o.e.p.PluginsService     ] [9pw6Qxm] no plugins loaded
[2018-02-10T20:31:15,787][INFO ][o.e.d.DiscoveryModule    ] [9pw6Qxm] using discovery type [zen]
[2018-02-10T20:31:16,183][INFO ][o.e.n.Node               ] initialized
[2018-02-10T20:31:16,183][INFO ][o.e.n.Node               ] [9pw6Qxm] starting ...
[2018-02-10T20:31:16,288][INFO ][o.e.t.TransportService   ] [9pw6Qxm] publish_address {127.0.0.1:9300}, bound_addresses {[::1]:9300}, {127.0.0.1:9300}
[2018-02-10T20:31:16,296][WARN ][o.e.b.BootstrapChecks    ] [9pw6Qxm] max virtual memory areas vm.max_map_count [65530] is too low, increase to at least [262144]
[2018-02-10T20:31:19,328][INFO ][o.e.c.s.ClusterService   ] [9pw6Qxm] new_master {9pw6Qxm}{9pw6QxmEQDyXUD5SbuUaqQ}{R_n1xxR3RbuG3TGJlsaaDg}{127.0.0.1}{127.0.0.1:9300}, reason: zen-disco-elected-as-master ([0] nodes joined)
[2018-02-10T20:31:19,341][INFO ][o.e.h.n.Netty4HttpServerTransport] [9pw6Qxm] publish_address {127.0.0.1:9200}, bound_addresses {[::1]:9200}, {127.0.0.1:9200}
[2018-02-10T20:31:19,341][INFO ][o.e.n.Node               ] [9pw6Qxm] started
[2018-02-10T20:31:19,546][INFO ][o.e.g.GatewayService     ] [9pw6Qxm] recovered [3] indices into cluster_state
[2018-02-10T20:31:19,923][INFO ][o.e.c.r.a.AllocationService] [9pw6Qxm] Cluster health status changed from [RED] to [YELLOW] (reason: [shards started [[.kibana][0], [usping][3], [usping][0]] ...]).
[2018-02-10T21:33:34,327][INFO ][o.e.n.Node               ] [9pw6Qxm] stopping ...
[2018-02-10T21:33:34,362][INFO ][o.e.n.Node               ] [9pw6Qxm] stopped
[2018-02-10T21:33:34,363][INFO ][o.e.n.Node               ] [9pw6Qxm] closing ...
[2018-02-10T21:33:34,369][INFO ][o.e.n.Node               ] [9pw6Qxm] closed
[2018-02-10T21:33:58,639][INFO ][o.e.n.Node               ] [] initializing ...
[2018-02-10T21:33:58,698][INFO ][o.e.e.NodeEnvironment    ] [9pw6Qxm] using [1] data paths, mounts [[/ (/dev/sda5)]], net usable_space [217.3gb], net total_space [319.6gb], spins? [no], types [ext4]
[2018-02-10T21:33:58,698][INFO ][o.e.e.NodeEnvironment    ] [9pw6Qxm] heap size [1.9gb], compressed ordinary object pointers [true]
[2018-02-10T21:33:58,715][INFO ][o.e.n.Node               ] node name [9pw6Qxm] derived from node ID [9pw6QxmEQDyXUD5SbuUaqQ]; set [node.name] to override
[2018-02-10T21:33:58,715][INFO ][o.e.n.Node               ] version[5.5.1], pid[27471], build[19c13d0/2017-07-18T20:44:24.823Z], OS[Linux/4.14.0-deepin2-amd64/amd64], JVM[Azul Systems, Inc./OpenJDK 64-Bit Server VM/1.8.0_152/25.152-b16]
[2018-02-10T21:33:58,716][INFO ][o.e.n.Node               ] JVM arguments [-Xms2g, -Xmx2g, -XX:+UseConcMarkSweepGC, -XX:CMSInitiatingOccupancyFraction=75, -XX:+UseCMSInitiatingOccupancyOnly, -XX:+AlwaysPreTouch, -Xss1m, -Djava.awt.headless=true, -Dfile.encoding=UTF-8, -Djna.nosys=true, -Djdk.io.permissionsUseCanonicalPath=true, -Dio.netty.noUnsafe=true, -Dio.netty.noKeySetOptimization=true, -Dio.netty.recycler.maxCapacityPerThread=0, -Dlog4j.shutdownHookEnabled=false, -Dlog4j2.disable.jmx=true, -Dlog4j.skipJansi=true, -XX:+HeapDumpOnOutOfMemoryError, -Des.path.home=/opt/elasticsearch-5.5.1, -Dawt.useSystemAAFontSettings=gasp]
[2018-02-10T21:33:59,397][INFO ][o.e.p.PluginsService     ] [9pw6Qxm] loaded module [aggs-matrix-stats]
[2018-02-10T21:33:59,397][INFO ][o.e.p.PluginsService     ] [9pw6Qxm] loaded module [ingest-common]
[2018-02-10T21:33:59,397][INFO ][o.e.p.PluginsService     ] [9pw6Qxm] loaded module [lang-expression]
[2018-02-10T21:33:59,398][INFO ][o.e.p.PluginsService     ] [9pw6Qxm] loaded module [lang-groovy]
[2018-02-10T21:33:59,398][INFO ][o.e.p.PluginsService     ] [9pw6Qxm] loaded module [lang-mustache]
[2018-02-10T21:33:59,398][INFO ][o.e.p.PluginsService     ] [9pw6Qxm] loaded module [lang-painless]
[2018-02-10T21:33:59,398][INFO ][o.e.p.PluginsService     ] [9pw6Qxm] loaded module [parent-join]
[2018-02-10T21:33:59,398][INFO ][o.e.p.PluginsService     ] [9pw6Qxm] loaded module [percolator]
[2018-02-10T21:33:59,398][INFO ][o.e.p.PluginsService     ] [9pw6Qxm] loaded module [reindex]
[2018-02-10T21:33:59,398][INFO ][o.e.p.PluginsService     ] [9pw6Qxm] loaded module [transport-netty3]
[2018-02-10T21:33:59,398][INFO ][o.e.p.PluginsService     ] [9pw6Qxm] loaded module [transport-netty4]
[2018-02-10T21:33:59,399][INFO ][o.e.p.PluginsService     ] [9pw6Qxm] loaded plugin [sql]
[2018-02-10T21:34:00,818][INFO ][o.e.d.DiscoveryModule    ] [9pw6Qxm] using discovery type [zen]
[2018-02-10T21:34:01,450][INFO ][o.e.n.Node               ] initialized
[2018-02-10T21:34:01,451][INFO ][o.e.n.Node               ] [9pw6Qxm] starting ...
[2018-02-10T21:34:01,558][INFO ][o.e.t.TransportService   ] [9pw6Qxm] publish_address {127.0.0.1:9300}, bound_addresses {[::1]:9300}, {127.0.0.1:9300}
[2018-02-10T21:34:01,571][WARN ][o.e.b.BootstrapChecks    ] [9pw6Qxm] max virtual memory areas vm.max_map_count [65530] is too low, increase to at least [262144]
[2018-02-10T21:34:04,617][INFO ][o.e.c.s.ClusterService   ] [9pw6Qxm] new_master {9pw6Qxm}{9pw6QxmEQDyXUD5SbuUaqQ}{bmdW_GmnQ_CeeEHhSJqEWg}{127.0.0.1}{127.0.0.1:9300}, reason: zen-disco-elected-as-master ([0] nodes joined)
[2018-02-10T21:34:04,632][INFO ][o.e.h.n.Netty4HttpServerTransport] [9pw6Qxm] publish_address {127.0.0.1:9200}, bound_addresses {[::1]:9200}, {127.0.0.1:9200}
[2018-02-10T21:34:04,632][INFO ][o.e.n.Node               ] [9pw6Qxm] started
[2018-02-10T21:34:04,909][INFO ][o.e.g.GatewayService     ] [9pw6Qxm] recovered [3] indices into cluster_state
[2018-02-10T21:34:05,243][INFO ][o.e.c.r.a.AllocationService] [9pw6Qxm] Cluster health status changed from [RED] to [YELLOW] (reason: [shards started [[usping][2]] ...]).
[2018-02-10T21:36:31,332][WARN ][r.suppressed             ] path: /_sql, params: {}
java.lang.NullPointerException: null
	at org.elasticsearch.rest.BaseRestHandler.handleRequest(BaseRestHandler.java:80) ~[elasticsearch-5.5.1.jar:5.5.1]
	at org.elasticsearch.rest.RestController.dispatchRequest(RestController.java:262) ~[elasticsearch-5.5.1.jar:5.5.1]
	at org.elasticsearch.rest.RestController.dispatchRequest(RestController.java:200) [elasticsearch-5.5.1.jar:5.5.1]
	at org.elasticsearch.http.netty4.Netty4HttpServerTransport.dispatchRequest(Netty4HttpServerTransport.java:505) [transport-netty4-5.5.1.jar:5.5.1]
	at org.elasticsearch.http.netty4.Netty4HttpRequestHandler.channelRead0(Netty4HttpRequestHandler.java:72) [transport-netty4-5.5.1.jar:5.5.1]
	at io.netty.channel.SimpleChannelInboundHandler.channelRead(SimpleChannelInboundHandler.java:105) [netty-transport-4.1.11.Final.jar:4.1.11.Final]
	at io.netty.channel.AbstractChannelHandlerContext.invokeChannelRead(AbstractChannelHandlerContext.java:362) [netty-transport-4.1.11.Final.jar:4.1.11.Final]
	at io.netty.channel.AbstractChannelHandlerContext.invokeChannelRead(AbstractChannelHandlerContext.java:348) [netty-transport-4.1.11.Final.jar:4.1.11.Final]
	at io.netty.channel.AbstractChannelHandlerContext.fireChannelRead(AbstractChannelHandlerContext.java:340) [netty-transport-4.1.11.Final.jar:4.1.11.Final]
	at org.elasticsearch.http.netty4.pipelining.HttpPipeliningHandler.channelRead(HttpPipeliningHandler.java:63) [transport-netty4-5.5.1.jar:5.5.1]
	at io.netty.channel.AbstractChannelHandlerContext.invokeChannelRead(AbstractChannelHandlerContext.java:362) [netty-transport-4.1.11.Final.jar:4.1.11.Final]
	at io.netty.channel.AbstractChannelHandlerContext.invokeChannelRead(AbstractChannelHandlerContext.java:348) [netty-transport-4.1.11.Final.jar:4.1.11.Final]
	at io.netty.channel.AbstractChannelHandlerContext.fireChannelRead(AbstractChannelHandlerContext.java:340) [netty-transport-4.1.11.Final.jar:4.1.11.Final]
	at org.elasticsearch.http.netty4.cors.Netty4CorsHandler.channelRead(Netty4CorsHandler.java:76) [transport-netty4-5.5.1.jar:5.5.1]
	at io.netty.channel.AbstractChannelHandlerContext.invokeChannelRead(AbstractChannelHandlerContext.java:362) [netty-transport-4.1.11.Final.jar:4.1.11.Final]
	at io.netty.channel.AbstractChannelHandlerContext.invokeChannelRead(AbstractChannelHandlerContext.java:348) [netty-transport-4.1.11.Final.jar:4.1.11.Final]
	at io.netty.channel.AbstractChannelHandlerContext.fireChannelRead(AbstractChannelHandlerContext.java:340) [netty-transport-4.1.11.Final.jar:4.1.11.Final]
	at io.netty.handler.codec.MessageToMessageDecoder.channelRead(MessageToMessageDecoder.java:102) [netty-codec-4.1.11.Final.jar:4.1.11.Final]
	at io.netty.handler.codec.MessageToMessageCodec.channelRead(MessageToMessageCodec.java:111) [netty-codec-4.1.11.Final.jar:4.1.11.Final]
	at io.netty.channel.AbstractChannelHandlerContext.invokeChannelRead(AbstractChannelHandlerContext.java:362) [netty-transport-4.1.11.Final.jar:4.1.11.Final]
	at io.netty.channel.AbstractChannelHandlerContext.invokeChannelRead(AbstractChannelHandlerContext.java:348) [netty-transport-4.1.11.Final.jar:4.1.11.Final]
	at io.netty.channel.AbstractChannelHandlerContext.fireChannelRead(AbstractChannelHandlerContext.java:340) [netty-transport-4.1.11.Final.jar:4.1.11.Final]
	at io.netty.handler.codec.MessageToMessageDecoder.channelRead(MessageToMessageDecoder.java:102) [netty-codec-4.1.11.Final.jar:4.1.11.Final]
	at io.netty.channel.AbstractChannelHandlerContext.invokeChannelRead(AbstractChannelHandlerContext.java:362) [netty-transport-4.1.11.Final.jar:4.1.11.Final]
	at io.netty.channel.AbstractChannelHandlerContext.invokeChannelRead(AbstractChannelHandlerContext.java:348) [netty-transport-4.1.11.Final.jar:4.1.11.Final]
	at io.netty.channel.AbstractChannelHandlerContext.fireChannelRead(AbstractChannelHandlerContext.java:340) [netty-transport-4.1.11.Final.jar:4.1.11.Final]
	at io.netty.handler.codec.MessageToMessageDecoder.channelRead(MessageToMessageDecoder.java:102) [netty-codec-4.1.11.Final.jar:4.1.11.Final]
	at io.netty.channel.AbstractChannelHandlerContext.invokeChannelRead(AbstractChannelHandlerContext.java:362) [netty-transport-4.1.11.Final.jar:4.1.11.Final]
	at io.netty.channel.AbstractChannelHandlerContext.invokeChannelRead(AbstractChannelHandlerContext.java:348) [netty-transport-4.1.11.Final.jar:4.1.11.Final]
	at io.netty.channel.AbstractChannelHandlerContext.fireChannelRead(AbstractChannelHandlerContext.java:340) [netty-transport-4.1.11.Final.jar:4.1.11.Final]
	at io.netty.handler.codec.ByteToMessageDecoder.fireChannelRead(ByteToMessageDecoder.java:310) [netty-codec-4.1.11.Final.jar:4.1.11.Final]
	at io.netty.handler.codec.ByteToMessageDecoder.channelRead(ByteToMessageDecoder.java:284) [netty-codec-4.1.11.Final.jar:4.1.11.Final]
	at io.netty.channel.AbstractChannelHandlerContext.invokeChannelRead(AbstractChannelHandlerContext.java:362) [netty-transport-4.1.11.Final.jar:4.1.11.Final]
	at io.netty.channel.AbstractChannelHandlerContext.invokeChannelRead(AbstractChannelHandlerContext.java:348) [netty-transport-4.1.11.Final.jar:4.1.11.Final]
	at io.netty.channel.AbstractChannelHandlerContext.fireChannelRead(AbstractChannelHandlerContext.java:340) [netty-transport-4.1.11.Final.jar:4.1.11.Final]
	at io.netty.channel.ChannelInboundHandlerAdapter.channelRead(ChannelInboundHandlerAdapter.java:86) [netty-transport-4.1.11.Final.jar:4.1.11.Final]
	at io.netty.channel.AbstractChannelHandlerContext.invokeChannelRead(AbstractChannelHandlerContext.java:362) [netty-transport-4.1.11.Final.jar:4.1.11.Final]
	at io.netty.channel.AbstractChannelHandlerContext.invokeChannelRead(AbstractChannelHandlerContext.java:348) [netty-transport-4.1.11.Final.jar:4.1.11.Final]
	at io.netty.channel.AbstractChannelHandlerContext.fireChannelRead(AbstractChannelHandlerContext.java:340) [netty-transport-4.1.11.Final.jar:4.1.11.Final]
	at io.netty.channel.DefaultChannelPipeline$HeadContext.channelRead(DefaultChannelPipeline.java:1334) [netty-transport-4.1.11.Final.jar:4.1.11.Final]
	at io.netty.channel.AbstractChannelHandlerContext.invokeChannelRead(AbstractChannelHandlerContext.java:362) [netty-transport-4.1.11.Final.jar:4.1.11.Final]
	at io.netty.channel.AbstractChannelHandlerContext.invokeChannelRead(AbstractChannelHandlerContext.java:348) [netty-transport-4.1.11.Final.jar:4.1.11.Final]
	at io.netty.channel.DefaultChannelPipeline.fireChannelRead(DefaultChannelPipeline.java:926) [netty-transport-4.1.11.Final.jar:4.1.11.Final]
	at io.netty.channel.nio.AbstractNioByteChannel$NioByteUnsafe.read(AbstractNioByteChannel.java:134) [netty-transport-4.1.11.Final.jar:4.1.11.Final]
	at io.netty.channel.nio.NioEventLoop.processSelectedKey(NioEventLoop.java:644) [netty-transport-4.1.11.Final.jar:4.1.11.Final]
	at io.netty.channel.nio.NioEventLoop.processSelectedKeysPlain(NioEventLoop.java:544) [netty-transport-4.1.11.Final.jar:4.1.11.Final]
	at io.netty.channel.nio.NioEventLoop.processSelectedKeys(NioEventLoop.java:498) [netty-transport-4.1.11.Final.jar:4.1.11.Final]
	at io.netty.channel.nio.NioEventLoop.run(NioEventLoop.java:458) [netty-transport-4.1.11.Final.jar:4.1.11.Final]
	at io.netty.util.concurrent.SingleThreadEventExecutor$5.run(SingleThreadEventExecutor.java:858) [netty-common-4.1.11.Final.jar:4.1.11.Final]
	at java.lang.Thread.run(Thread.java:748) [?:1.8.0_152]
[2018-02-10T21:36:35,206][WARN ][r.suppressed             ] path: /_sql, params: {}
java.lang.NullPointerException: null
	at org.elasticsearch.rest.BaseRestHandler.handleRequest(BaseRestHandler.java:80) ~[elasticsearch-5.5.1.jar:5.5.1]
	at org.elasticsearch.rest.RestController.dispatchRequest(RestController.java:262) ~[elasticsearch-5.5.1.jar:5.5.1]
	at org.elasticsearch.rest.RestController.dispatchRequest(RestController.java:200) [elasticsearch-5.5.1.jar:5.5.1]
	at org.elasticsearch.http.netty4.Netty4HttpServerTransport.dispatchRequest(Netty4HttpServerTransport.java:505) [transport-netty4-5.5.1.jar:5.5.1]
	at org.elasticsearch.http.netty4.Netty4HttpRequestHandler.channelRead0(Netty4HttpRequestHandler.java:72) [transport-netty4-5.5.1.jar:5.5.1]
	at io.netty.channel.SimpleChannelInboundHandler.channelRead(SimpleChannelInboundHandler.java:105) [netty-transport-4.1.11.Final.jar:4.1.11.Final]
	at io.netty.channel.AbstractChannelHandlerContext.invokeChannelRead(AbstractChannelHandlerContext.java:362) [netty-transport-4.1.11.Final.jar:4.1.11.Final]
	at io.netty.channel.AbstractChannelHandlerContext.invokeChannelRead(AbstractChannelHandlerContext.java:348) [netty-transport-4.1.11.Final.jar:4.1.11.Final]
	at io.netty.channel.AbstractChannelHandlerContext.fireChannelRead(AbstractChannelHandlerContext.java:340) [netty-transport-4.1.11.Final.jar:4.1.11.Final]
	at org.elasticsearch.http.netty4.pipelining.HttpPipeliningHandler.channelRead(HttpPipeliningHandler.java:63) [transport-netty4-5.5.1.jar:5.5.1]
	at io.netty.channel.AbstractChannelHandlerContext.invokeChannelRead(AbstractChannelHandlerContext.java:362) [netty-transport-4.1.11.Final.jar:4.1.11.Final]
	at io.netty.channel.AbstractChannelHandlerContext.invokeChannelRead(AbstractChannelHandlerContext.java:348) [netty-transport-4.1.11.Final.jar:4.1.11.Final]
	at io.netty.channel.AbstractChannelHandlerContext.fireChannelRead(AbstractChannelHandlerContext.java:340) [netty-transport-4.1.11.Final.jar:4.1.11.Final]
	at org.elasticsearch.http.netty4.cors.Netty4CorsHandler.channelRead(Netty4CorsHandler.java:76) [transport-netty4-5.5.1.jar:5.5.1]
	at io.netty.channel.AbstractChannelHandlerContext.invokeChannelRead(AbstractChannelHandlerContext.java:362) [netty-transport-4.1.11.Final.jar:4.1.11.Final]
	at io.netty.channel.AbstractChannelHandlerContext.invokeChannelRead(AbstractChannelHandlerContext.java:348) [netty-transport-4.1.11.Final.jar:4.1.11.Final]
	at io.netty.channel.AbstractChannelHandlerContext.fireChannelRead(AbstractChannelHandlerContext.java:340) [netty-transport-4.1.11.Final.jar:4.1.11.Final]
	at io.netty.handler.codec.MessageToMessageDecoder.channelRead(MessageToMessageDecoder.java:102) [netty-codec-4.1.11.Final.jar:4.1.11.Final]
	at io.netty.handler.codec.MessageToMessageCodec.channelRead(MessageToMessageCodec.java:111) [netty-codec-4.1.11.Final.jar:4.1.11.Final]
	at io.netty.channel.AbstractChannelHandlerContext.invokeChannelRead(AbstractChannelHandlerContext.java:362) [netty-transport-4.1.11.Final.jar:4.1.11.Final]
	at io.netty.channel.AbstractChannelHandlerContext.invokeChannelRead(AbstractChannelHandlerContext.java:348) [netty-transport-4.1.11.Final.jar:4.1.11.Final]
	at io.netty.channel.AbstractChannelHandlerContext.fireChannelRead(AbstractChannelHandlerContext.java:340) [netty-transport-4.1.11.Final.jar:4.1.11.Final]
	at io.netty.handler.codec.MessageToMessageDecoder.channelRead(MessageToMessageDecoder.java:102) [netty-codec-4.1.11.Final.jar:4.1.11.Final]
	at io.netty.channel.AbstractChannelHandlerContext.invokeChannelRead(AbstractChannelHandlerContext.java:362) [netty-transport-4.1.11.Final.jar:4.1.11.Final]
	at io.netty.channel.AbstractChannelHandlerContext.invokeChannelRead(AbstractChannelHandlerContext.java:348) [netty-transport-4.1.11.Final.jar:4.1.11.Final]
	at io.netty.channel.AbstractChannelHandlerContext.fireChannelRead(AbstractChannelHandlerContext.java:340) [netty-transport-4.1.11.Final.jar:4.1.11.Final]
	at io.netty.handler.codec.MessageToMessageDecoder.channelRead(MessageToMessageDecoder.java:102) [netty-codec-4.1.11.Final.jar:4.1.11.Final]
	at io.netty.channel.AbstractChannelHandlerContext.invokeChannelRead(AbstractChannelHandlerContext.java:362) [netty-transport-4.1.11.Final.jar:4.1.11.Final]
	at io.netty.channel.AbstractChannelHandlerContext.invokeChannelRead(AbstractChannelHandlerContext.java:348) [netty-transport-4.1.11.Final.jar:4.1.11.Final]
	at io.netty.channel.AbstractChannelHandlerContext.fireChannelRead(AbstractChannelHandlerContext.java:340) [netty-transport-4.1.11.Final.jar:4.1.11.Final]
	at io.netty.handler.codec.ByteToMessageDecoder.fireChannelRead(ByteToMessageDecoder.java:310) [netty-codec-4.1.11.Final.jar:4.1.11.Final]
	at io.netty.handler.codec.ByteToMessageDecoder.channelRead(ByteToMessageDecoder.java:284) [netty-codec-4.1.11.Final.jar:4.1.11.Final]
	at io.netty.channel.AbstractChannelHandlerContext.invokeChannelRead(AbstractChannelHandlerContext.java:362) [netty-transport-4.1.11.Final.jar:4.1.11.Final]
	at io.netty.channel.AbstractChannelHandlerContext.invokeChannelRead(AbstractChannelHandlerContext.java:348) [netty-transport-4.1.11.Final.jar:4.1.11.Final]
	at io.netty.channel.AbstractChannelHandlerContext.fireChannelRead(AbstractChannelHandlerContext.java:340) [netty-transport-4.1.11.Final.jar:4.1.11.Final]
	at io.netty.channel.ChannelInboundHandlerAdapter.channelRead(ChannelInboundHandlerAdapter.java:86) [netty-transport-4.1.11.Final.jar:4.1.11.Final]
	at io.netty.channel.AbstractChannelHandlerContext.invokeChannelRead(AbstractChannelHandlerContext.java:362) [netty-transport-4.1.11.Final.jar:4.1.11.Final]
	at io.netty.channel.AbstractChannelHandlerContext.invokeChannelRead(AbstractChannelHandlerContext.java:348) [netty-transport-4.1.11.Final.jar:4.1.11.Final]
	at io.netty.channel.AbstractChannelHandlerContext.fireChannelRead(AbstractChannelHandlerContext.java:340) [netty-transport-4.1.11.Final.jar:4.1.11.Final]
	at io.netty.channel.DefaultChannelPipeline$HeadContext.channelRead(DefaultChannelPipeline.java:1334) [netty-transport-4.1.11.Final.jar:4.1.11.Final]
	at io.netty.channel.AbstractChannelHandlerContext.invokeChannelRead(AbstractChannelHandlerContext.java:362) [netty-transport-4.1.11.Final.jar:4.1.11.Final]
	at io.netty.channel.AbstractChannelHandlerContext.invokeChannelRead(AbstractChannelHandlerContext.java:348) [netty-transport-4.1.11.Final.jar:4.1.11.Final]
	at io.netty.channel.DefaultChannelPipeline.fireChannelRead(DefaultChannelPipeline.java:926) [netty-transport-4.1.11.Final.jar:4.1.11.Final]
	at io.netty.channel.nio.AbstractNioByteChannel$NioByteUnsafe.read(AbstractNioByteChannel.java:134) [netty-transport-4.1.11.Final.jar:4.1.11.Final]
	at io.netty.channel.nio.NioEventLoop.processSelectedKey(NioEventLoop.java:644) [netty-transport-4.1.11.Final.jar:4.1.11.Final]
	at io.netty.channel.nio.NioEventLoop.processSelectedKeysPlain(NioEventLoop.java:544) [netty-transport-4.1.11.Final.jar:4.1.11.Final]
	at io.netty.channel.nio.NioEventLoop.processSelectedKeys(NioEventLoop.java:498) [netty-transport-4.1.11.Final.jar:4.1.11.Final]
	at io.netty.channel.nio.NioEventLoop.run(NioEventLoop.java:458) [netty-transport-4.1.11.Final.jar:4.1.11.Final]
	at io.netty.util.concurrent.SingleThreadEventExecutor$5.run(SingleThreadEventExecutor.java:858) [netty-common-4.1.11.Final.jar:4.1.11.Final]
	at java.lang.Thread.run(Thread.java:748) [?:1.8.0_152]
[2018-02-10T21:37:54,369][WARN ][r.suppressed             ] path: /_sql, params: {}
java.lang.StringIndexOutOfBoundsException: String index out of range: -1
	at java.lang.String.substring(String.java:1967) ~[?:1.8.0_152]
	at org.nlpcn.es4sql.query.ESActionFactory.create(ESActionFactory.java:44) ~[?:?]
	at org.nlpcn.es4sql.SearchDao.explain(SearchDao.java:46) ~[?:?]
	at org.elasticsearch.plugin.nlpcn.RestSqlAction.prepareRequest(RestSqlAction.java:44) ~[?:?]
	at org.elasticsearch.rest.BaseRestHandler.handleRequest(BaseRestHandler.java:64) ~[elasticsearch-5.5.1.jar:5.5.1]
	at org.elasticsearch.rest.RestController.dispatchRequest(RestController.java:262) ~[elasticsearch-5.5.1.jar:5.5.1]
	at org.elasticsearch.rest.RestController.dispatchRequest(RestController.java:200) [elasticsearch-5.5.1.jar:5.5.1]
	at org.elasticsearch.http.netty4.Netty4HttpServerTransport.dispatchRequest(Netty4HttpServerTransport.java:505) [transport-netty4-5.5.1.jar:5.5.1]
	at org.elasticsearch.http.netty4.Netty4HttpRequestHandler.channelRead0(Netty4HttpRequestHandler.java:72) [transport-netty4-5.5.1.jar:5.5.1]
	at io.netty.channel.SimpleChannelInboundHandler.channelRead(SimpleChannelInboundHandler.java:105) [netty-transport-4.1.11.Final.jar:4.1.11.Final]
	at io.netty.channel.AbstractChannelHandlerContext.invokeChannelRead(AbstractChannelHandlerContext.java:362) [netty-transport-4.1.11.Final.jar:4.1.11.Final]
	at io.netty.channel.AbstractChannelHandlerContext.invokeChannelRead(AbstractChannelHandlerContext.java:348) [netty-transport-4.1.11.Final.jar:4.1.11.Final]
	at io.netty.channel.AbstractChannelHandlerContext.fireChannelRead(AbstractChannelHandlerContext.java:340) [netty-transport-4.1.11.Final.jar:4.1.11.Final]
	at org.elasticsearch.http.netty4.pipelining.HttpPipeliningHandler.channelRead(HttpPipeliningHandler.java:63) [transport-netty4-5.5.1.jar:5.5.1]
	at io.netty.channel.AbstractChannelHandlerContext.invokeChannelRead(AbstractChannelHandlerContext.java:362) [netty-transport-4.1.11.Final.jar:4.1.11.Final]
	at io.netty.channel.AbstractChannelHandlerContext.invokeChannelRead(AbstractChannelHandlerContext.java:348) [netty-transport-4.1.11.Final.jar:4.1.11.Final]
	at io.netty.channel.AbstractChannelHandlerContext.fireChannelRead(AbstractChannelHandlerContext.java:340) [netty-transport-4.1.11.Final.jar:4.1.11.Final]
	at org.elasticsearch.http.netty4.cors.Netty4CorsHandler.channelRead(Netty4CorsHandler.java:76) [transport-netty4-5.5.1.jar:5.5.1]
	at io.netty.channel.AbstractChannelHandlerContext.invokeChannelRead(AbstractChannelHandlerContext.java:362) [netty-transport-4.1.11.Final.jar:4.1.11.Final]
	at io.netty.channel.AbstractChannelHandlerContext.invokeChannelRead(AbstractChannelHandlerContext.java:348) [netty-transport-4.1.11.Final.jar:4.1.11.Final]
	at io.netty.channel.AbstractChannelHandlerContext.fireChannelRead(AbstractChannelHandlerContext.java:340) [netty-transport-4.1.11.Final.jar:4.1.11.Final]
	at io.netty.handler.codec.MessageToMessageDecoder.channelRead(MessageToMessageDecoder.java:102) [netty-codec-4.1.11.Final.jar:4.1.11.Final]
	at io.netty.handler.codec.MessageToMessageCodec.channelRead(MessageToMessageCodec.java:111) [netty-codec-4.1.11.Final.jar:4.1.11.Final]
	at io.netty.channel.AbstractChannelHandlerContext.invokeChannelRead(AbstractChannelHandlerContext.java:362) [netty-transport-4.1.11.Final.jar:4.1.11.Final]
	at io.netty.channel.AbstractChannelHandlerContext.invokeChannelRead(AbstractChannelHandlerContext.java:348) [netty-transport-4.1.11.Final.jar:4.1.11.Final]
	at io.netty.channel.AbstractChannelHandlerContext.fireChannelRead(AbstractChannelHandlerContext.java:340) [netty-transport-4.1.11.Final.jar:4.1.11.Final]
	at io.netty.handler.codec.MessageToMessageDecoder.channelRead(MessageToMessageDecoder.java:102) [netty-codec-4.1.11.Final.jar:4.1.11.Final]
	at io.netty.channel.AbstractChannelHandlerContext.invokeChannelRead(AbstractChannelHandlerContext.java:362) [netty-transport-4.1.11.Final.jar:4.1.11.Final]
	at io.netty.channel.AbstractChannelHandlerContext.invokeChannelRead(AbstractChannelHandlerContext.java:348) [netty-transport-4.1.11.Final.jar:4.1.11.Final]
	at io.netty.channel.AbstractChannelHandlerContext.fireChannelRead(AbstractChannelHandlerContext.java:340) [netty-transport-4.1.11.Final.jar:4.1.11.Final]
	at io.netty.handler.codec.MessageToMessageDecoder.channelRead(MessageToMessageDecoder.java:102) [netty-codec-4.1.11.Final.jar:4.1.11.Final]
	at io.netty.channel.AbstractChannelHandlerContext.invokeChannelRead(AbstractChannelHandlerContext.java:362) [netty-transport-4.1.11.Final.jar:4.1.11.Final]
	at io.netty.channel.AbstractChannelHandlerContext.invokeChannelRead(AbstractChannelHandlerContext.java:348) [netty-transport-4.1.11.Final.jar:4.1.11.Final]
	at io.netty.channel.AbstractChannelHandlerContext.fireChannelRead(AbstractChannelHandlerContext.java:340) [netty-transport-4.1.11.Final.jar:4.1.11.Final]
	at io.netty.handler.codec.ByteToMessageDecoder.fireChannelRead(ByteToMessageDecoder.java:310) [netty-codec-4.1.11.Final.jar:4.1.11.Final]
	at io.netty.handler.codec.ByteToMessageDecoder.channelRead(ByteToMessageDecoder.java:284) [netty-codec-4.1.11.Final.jar:4.1.11.Final]
	at io.netty.channel.AbstractChannelHandlerContext.invokeChannelRead(AbstractChannelHandlerContext.java:362) [netty-transport-4.1.11.Final.jar:4.1.11.Final]
	at io.netty.channel.AbstractChannelHandlerContext.invokeChannelRead(AbstractChannelHandlerContext.java:348) [netty-transport-4.1.11.Final.jar:4.1.11.Final]
	at io.netty.channel.AbstractChannelHandlerContext.fireChannelRead(AbstractChannelHandlerContext.java:340) [netty-transport-4.1.11.Final.jar:4.1.11.Final]
	at io.netty.channel.ChannelInboundHandlerAdapter.channelRead(ChannelInboundHandlerAdapter.java:86) [netty-transport-4.1.11.Final.jar:4.1.11.Final]
	at io.netty.channel.AbstractChannelHandlerContext.invokeChannelRead(AbstractChannelHandlerContext.java:362) [netty-transport-4.1.11.Final.jar:4.1.11.Final]
	at io.netty.channel.AbstractChannelHandlerContext.invokeChannelRead(AbstractChannelHandlerContext.java:348) [netty-transport-4.1.11.Final.jar:4.1.11.Final]
	at io.netty.channel.AbstractChannelHandlerContext.fireChannelRead(AbstractChannelHandlerContext.java:340) [netty-transport-4.1.11.Final.jar:4.1.11.Final]
	at io.netty.channel.DefaultChannelPipeline$HeadContext.channelRead(DefaultChannelPipeline.java:1334) [netty-transport-4.1.11.Final.jar:4.1.11.Final]
	at io.netty.channel.AbstractChannelHandlerContext.invokeChannelRead(AbstractChannelHandlerContext.java:362) [netty-transport-4.1.11.Final.jar:4.1.11.Final]
	at io.netty.channel.AbstractChannelHandlerContext.invokeChannelRead(AbstractChannelHandlerContext.java:348) [netty-transport-4.1.11.Final.jar:4.1.11.Final]
	at io.netty.channel.DefaultChannelPipeline.fireChannelRead(DefaultChannelPipeline.java:926) [netty-transport-4.1.11.Final.jar:4.1.11.Final]
	at io.netty.channel.nio.AbstractNioByteChannel$NioByteUnsafe.read(AbstractNioByteChannel.java:134) [netty-transport-4.1.11.Final.jar:4.1.11.Final]
	at io.netty.channel.nio.NioEventLoop.processSelectedKey(NioEventLoop.java:644) [netty-transport-4.1.11.Final.jar:4.1.11.Final]
	at io.netty.channel.nio.NioEventLoop.processSelectedKeysPlain(NioEventLoop.java:544) [netty-transport-4.1.11.Final.jar:4.1.11.Final]
	at io.netty.channel.nio.NioEventLoop.processSelectedKeys(NioEventLoop.java:498) [netty-transport-4.1.11.Final.jar:4.1.11.Final]
	at io.netty.channel.nio.NioEventLoop.run(NioEventLoop.java:458) [netty-transport-4.1.11.Final.jar:4.1.11.Final]
	at io.netty.util.concurrent.SingleThreadEventExecutor$5.run(SingleThreadEventExecutor.java:858) [netty-common-4.1.11.Final.jar:4.1.11.Final]
	at java.lang.Thread.run(Thread.java:748) [?:1.8.0_152]
[2018-02-10T21:37:58,427][WARN ][r.suppressed             ] path: /_sql, params: {}
java.lang.StringIndexOutOfBoundsException: String index out of range: -1
	at java.lang.String.substring(String.java:1967) ~[?:1.8.0_152]
	at org.nlpcn.es4sql.query.ESActionFactory.create(ESActionFactory.java:44) ~[?:?]
	at org.nlpcn.es4sql.SearchDao.explain(SearchDao.java:46) ~[?:?]
	at org.elasticsearch.plugin.nlpcn.RestSqlAction.prepareRequest(RestSqlAction.java:44) ~[?:?]
	at org.elasticsearch.rest.BaseRestHandler.handleRequest(BaseRestHandler.java:64) ~[elasticsearch-5.5.1.jar:5.5.1]
	at org.elasticsearch.rest.RestController.dispatchRequest(RestController.java:262) ~[elasticsearch-5.5.1.jar:5.5.1]
	at org.elasticsearch.rest.RestController.dispatchRequest(RestController.java:200) [elasticsearch-5.5.1.jar:5.5.1]
	at org.elasticsearch.http.netty4.Netty4HttpServerTransport.dispatchRequest(Netty4HttpServerTransport.java:505) [transport-netty4-5.5.1.jar:5.5.1]
	at org.elasticsearch.http.netty4.Netty4HttpRequestHandler.channelRead0(Netty4HttpRequestHandler.java:72) [transport-netty4-5.5.1.jar:5.5.1]
	at io.netty.channel.SimpleChannelInboundHandler.channelRead(SimpleChannelInboundHandler.java:105) [netty-transport-4.1.11.Final.jar:4.1.11.Final]
	at io.netty.channel.AbstractChannelHandlerContext.invokeChannelRead(AbstractChannelHandlerContext.java:362) [netty-transport-4.1.11.Final.jar:4.1.11.Final]
	at io.netty.channel.AbstractChannelHandlerContext.invokeChannelRead(AbstractChannelHandlerContext.java:348) [netty-transport-4.1.11.Final.jar:4.1.11.Final]
	at io.netty.channel.AbstractChannelHandlerContext.fireChannelRead(AbstractChannelHandlerContext.java:340) [netty-transport-4.1.11.Final.jar:4.1.11.Final]
	at org.elasticsearch.http.netty4.pipelining.HttpPipeliningHandler.channelRead(HttpPipeliningHandler.java:63) [transport-netty4-5.5.1.jar:5.5.1]
	at io.netty.channel.AbstractChannelHandlerContext.invokeChannelRead(AbstractChannelHandlerContext.java:362) [netty-transport-4.1.11.Final.jar:4.1.11.Final]
	at io.netty.channel.AbstractChannelHandlerContext.invokeChannelRead(AbstractChannelHandlerContext.java:348) [netty-transport-4.1.11.Final.jar:4.1.11.Final]
	at io.netty.channel.AbstractChannelHandlerContext.fireChannelRead(AbstractChannelHandlerContext.java:340) [netty-transport-4.1.11.Final.jar:4.1.11.Final]
	at org.elasticsearch.http.netty4.cors.Netty4CorsHandler.channelRead(Netty4CorsHandler.java:76) [transport-netty4-5.5.1.jar:5.5.1]
	at io.netty.channel.AbstractChannelHandlerContext.invokeChannelRead(AbstractChannelHandlerContext.java:362) [netty-transport-4.1.11.Final.jar:4.1.11.Final]
	at io.netty.channel.AbstractChannelHandlerContext.invokeChannelRead(AbstractChannelHandlerContext.java:348) [netty-transport-4.1.11.Final.jar:4.1.11.Final]
	at io.netty.channel.AbstractChannelHandlerContext.fireChannelRead(AbstractChannelHandlerContext.java:340) [netty-transport-4.1.11.Final.jar:4.1.11.Final]
	at io.netty.handler.codec.MessageToMessageDecoder.channelRead(MessageToMessageDecoder.java:102) [netty-codec-4.1.11.Final.jar:4.1.11.Final]
	at io.netty.handler.codec.MessageToMessageCodec.channelRead(MessageToMessageCodec.java:111) [netty-codec-4.1.11.Final.jar:4.1.11.Final]
	at io.netty.channel.AbstractChannelHandlerContext.invokeChannelRead(AbstractChannelHandlerContext.java:362) [netty-transport-4.1.11.Final.jar:4.1.11.Final]
	at io.netty.channel.AbstractChannelHandlerContext.invokeChannelRead(AbstractChannelHandlerContext.java:348) [netty-transport-4.1.11.Final.jar:4.1.11.Final]
	at io.netty.channel.AbstractChannelHandlerContext.fireChannelRead(AbstractChannelHandlerContext.java:340) [netty-transport-4.1.11.Final.jar:4.1.11.Final]
	at io.netty.handler.codec.MessageToMessageDecoder.channelRead(MessageToMessageDecoder.java:102) [netty-codec-4.1.11.Final.jar:4.1.11.Final]
	at io.netty.channel.AbstractChannelHandlerContext.invokeChannelRead(AbstractChannelHandlerContext.java:362) [netty-transport-4.1.11.Final.jar:4.1.11.Final]
	at io.netty.channel.AbstractChannelHandlerContext.invokeChannelRead(AbstractChannelHandlerContext.java:348) [netty-transport-4.1.11.Final.jar:4.1.11.Final]
	at io.netty.channel.AbstractChannelHandlerContext.fireChannelRead(AbstractChannelHandlerContext.java:340) [netty-transport-4.1.11.Final.jar:4.1.11.Final]
	at io.netty.handler.codec.MessageToMessageDecoder.channelRead(MessageToMessageDecoder.java:102) [netty-codec-4.1.11.Final.jar:4.1.11.Final]
	at io.netty.channel.AbstractChannelHandlerContext.invokeChannelRead(AbstractChannelHandlerContext.java:362) [netty-transport-4.1.11.Final.jar:4.1.11.Final]
	at io.netty.channel.AbstractChannelHandlerContext.invokeChannelRead(AbstractChannelHandlerContext.java:348) [netty-transport-4.1.11.Final.jar:4.1.11.Final]
	at io.netty.channel.AbstractChannelHandlerContext.fireChannelRead(AbstractChannelHandlerContext.java:340) [netty-transport-4.1.11.Final.jar:4.1.11.Final]
	at io.netty.handler.codec.ByteToMessageDecoder.fireChannelRead(ByteToMessageDecoder.java:310) [netty-codec-4.1.11.Final.jar:4.1.11.Final]
	at io.netty.handler.codec.ByteToMessageDecoder.channelRead(ByteToMessageDecoder.java:284) [netty-codec-4.1.11.Final.jar:4.1.11.Final]
	at io.netty.channel.AbstractChannelHandlerContext.invokeChannelRead(AbstractChannelHandlerContext.java:362) [netty-transport-4.1.11.Final.jar:4.1.11.Final]
	at io.netty.channel.AbstractChannelHandlerContext.invokeChannelRead(AbstractChannelHandlerContext.java:348) [netty-transport-4.1.11.Final.jar:4.1.11.Final]
	at io.netty.channel.AbstractChannelHandlerContext.fireChannelRead(AbstractChannelHandlerContext.java:340) [netty-transport-4.1.11.Final.jar:4.1.11.Final]
	at io.netty.channel.ChannelInboundHandlerAdapter.channelRead(ChannelInboundHandlerAdapter.java:86) [netty-transport-4.1.11.Final.jar:4.1.11.Final]
	at io.netty.channel.AbstractChannelHandlerContext.invokeChannelRead(AbstractChannelHandlerContext.java:362) [netty-transport-4.1.11.Final.jar:4.1.11.Final]
	at io.netty.channel.AbstractChannelHandlerContext.invokeChannelRead(AbstractChannelHandlerContext.java:348) [netty-transport-4.1.11.Final.jar:4.1.11.Final]
	at io.netty.channel.AbstractChannelHandlerContext.fireChannelRead(AbstractChannelHandlerContext.java:340) [netty-transport-4.1.11.Final.jar:4.1.11.Final]
	at io.netty.channel.DefaultChannelPipeline$HeadContext.channelRead(DefaultChannelPipeline.java:1334) [netty-transport-4.1.11.Final.jar:4.1.11.Final]
	at io.netty.channel.AbstractChannelHandlerContext.invokeChannelRead(AbstractChannelHandlerContext.java:362) [netty-transport-4.1.11.Final.jar:4.1.11.Final]
	at io.netty.channel.AbstractChannelHandlerContext.invokeChannelRead(AbstractChannelHandlerContext.java:348) [netty-transport-4.1.11.Final.jar:4.1.11.Final]
	at io.netty.channel.DefaultChannelPipeline.fireChannelRead(DefaultChannelPipeline.java:926) [netty-transport-4.1.11.Final.jar:4.1.11.Final]
	at io.netty.channel.nio.AbstractNioByteChannel$NioByteUnsafe.read(AbstractNioByteChannel.java:134) [netty-transport-4.1.11.Final.jar:4.1.11.Final]
	at io.netty.channel.nio.NioEventLoop.processSelectedKey(NioEventLoop.java:644) [netty-transport-4.1.11.Final.jar:4.1.11.Final]
	at io.netty.channel.nio.NioEventLoop.processSelectedKeysPlain(NioEventLoop.java:544) [netty-transport-4.1.11.Final.jar:4.1.11.Final]
	at io.netty.channel.nio.NioEventLoop.processSelectedKeys(NioEventLoop.java:498) [netty-transport-4.1.11.Final.jar:4.1.11.Final]
	at io.netty.channel.nio.NioEventLoop.run(NioEventLoop.java:458) [netty-transport-4.1.11.Final.jar:4.1.11.Final]
	at io.netty.util.concurrent.SingleThreadEventExecutor$5.run(SingleThreadEventExecutor.java:858) [netty-common-4.1.11.Final.jar:4.1.11.Final]
	at java.lang.Thread.run(Thread.java:748) [?:1.8.0_152]
[2018-02-10T21:39:08,780][WARN ][r.suppressed             ] path: /_sql, params: {}
java.lang.StringIndexOutOfBoundsException: String index out of range: -1
	at java.lang.String.substring(String.java:1967) ~[?:1.8.0_152]
	at org.nlpcn.es4sql.query.ESActionFactory.create(ESActionFactory.java:44) ~[?:?]
	at org.nlpcn.es4sql.SearchDao.explain(SearchDao.java:46) ~[?:?]
	at org.elasticsearch.plugin.nlpcn.RestSqlAction.prepareRequest(RestSqlAction.java:44) ~[?:?]
	at org.elasticsearch.rest.BaseRestHandler.handleRequest(BaseRestHandler.java:64) ~[elasticsearch-5.5.1.jar:5.5.1]
	at org.elasticsearch.rest.RestController.dispatchRequest(RestController.java:262) ~[elasticsearch-5.5.1.jar:5.5.1]
	at org.elasticsearch.rest.RestController.dispatchRequest(RestController.java:200) [elasticsearch-5.5.1.jar:5.5.1]
	at org.elasticsearch.http.netty4.Netty4HttpServerTransport.dispatchRequest(Netty4HttpServerTransport.java:505) [transport-netty4-5.5.1.jar:5.5.1]
	at org.elasticsearch.http.netty4.Netty4HttpRequestHandler.channelRead0(Netty4HttpRequestHandler.java:72) [transport-netty4-5.5.1.jar:5.5.1]
	at io.netty.channel.SimpleChannelInboundHandler.channelRead(SimpleChannelInboundHandler.java:105) [netty-transport-4.1.11.Final.jar:4.1.11.Final]
	at io.netty.channel.AbstractChannelHandlerContext.invokeChannelRead(AbstractChannelHandlerContext.java:362) [netty-transport-4.1.11.Final.jar:4.1.11.Final]
	at io.netty.channel.AbstractChannelHandlerContext.invokeChannelRead(AbstractChannelHandlerContext.java:348) [netty-transport-4.1.11.Final.jar:4.1.11.Final]
	at io.netty.channel.AbstractChannelHandlerContext.fireChannelRead(AbstractChannelHandlerContext.java:340) [netty-transport-4.1.11.Final.jar:4.1.11.Final]
	at org.elasticsearch.http.netty4.pipelining.HttpPipeliningHandler.channelRead(HttpPipeliningHandler.java:63) [transport-netty4-5.5.1.jar:5.5.1]
	at io.netty.channel.AbstractChannelHandlerContext.invokeChannelRead(AbstractChannelHandlerContext.java:362) [netty-transport-4.1.11.Final.jar:4.1.11.Final]
	at io.netty.channel.AbstractChannelHandlerContext.invokeChannelRead(AbstractChannelHandlerContext.java:348) [netty-transport-4.1.11.Final.jar:4.1.11.Final]
	at io.netty.channel.AbstractChannelHandlerContext.fireChannelRead(AbstractChannelHandlerContext.java:340) [netty-transport-4.1.11.Final.jar:4.1.11.Final]
	at org.elasticsearch.http.netty4.cors.Netty4CorsHandler.channelRead(Netty4CorsHandler.java:76) [transport-netty4-5.5.1.jar:5.5.1]
	at io.netty.channel.AbstractChannelHandlerContext.invokeChannelRead(AbstractChannelHandlerContext.java:362) [netty-transport-4.1.11.Final.jar:4.1.11.Final]
	at io.netty.channel.AbstractChannelHandlerContext.invokeChannelRead(AbstractChannelHandlerContext.java:348) [netty-transport-4.1.11.Final.jar:4.1.11.Final]
	at io.netty.channel.AbstractChannelHandlerContext.fireChannelRead(AbstractChannelHandlerContext.java:340) [netty-transport-4.1.11.Final.jar:4.1.11.Final]
	at io.netty.handler.codec.MessageToMessageDecoder.channelRead(MessageToMessageDecoder.java:102) [netty-codec-4.1.11.Final.jar:4.1.11.Final]
	at io.netty.handler.codec.MessageToMessageCodec.channelRead(MessageToMessageCodec.java:111) [netty-codec-4.1.11.Final.jar:4.1.11.Final]
	at io.netty.channel.AbstractChannelHandlerContext.invokeChannelRead(AbstractChannelHandlerContext.java:362) [netty-transport-4.1.11.Final.jar:4.1.11.Final]
	at io.netty.channel.AbstractChannelHandlerContext.invokeChannelRead(AbstractChannelHandlerContext.java:348) [netty-transport-4.1.11.Final.jar:4.1.11.Final]
	at io.netty.channel.AbstractChannelHandlerContext.fireChannelRead(AbstractChannelHandlerContext.java:340) [netty-transport-4.1.11.Final.jar:4.1.11.Final]
	at io.netty.handler.codec.MessageToMessageDecoder.channelRead(MessageToMessageDecoder.java:102) [netty-codec-4.1.11.Final.jar:4.1.11.Final]
	at io.netty.channel.AbstractChannelHandlerContext.invokeChannelRead(AbstractChannelHandlerContext.java:362) [netty-transport-4.1.11.Final.jar:4.1.11.Final]
	at io.netty.channel.AbstractChannelHandlerContext.invokeChannelRead(AbstractChannelHandlerContext.java:348) [netty-transport-4.1.11.Final.jar:4.1.11.Final]
	at io.netty.channel.AbstractChannelHandlerContext.fireChannelRead(AbstractChannelHandlerContext.java:340) [netty-transport-4.1.11.Final.jar:4.1.11.Final]
	at io.netty.handler.codec.MessageToMessageDecoder.channelRead(MessageToMessageDecoder.java:102) [netty-codec-4.1.11.Final.jar:4.1.11.Final]
	at io.netty.channel.AbstractChannelHandlerContext.invokeChannelRead(AbstractChannelHandlerContext.java:362) [netty-transport-4.1.11.Final.jar:4.1.11.Final]
	at io.netty.channel.AbstractChannelHandlerContext.invokeChannelRead(AbstractChannelHandlerContext.java:348) [netty-transport-4.1.11.Final.jar:4.1.11.Final]
	at io.netty.channel.AbstractChannelHandlerContext.fireChannelRead(AbstractChannelHandlerContext.java:340) [netty-transport-4.1.11.Final.jar:4.1.11.Final]
	at io.netty.handler.codec.ByteToMessageDecoder.fireChannelRead(ByteToMessageDecoder.java:310) [netty-codec-4.1.11.Final.jar:4.1.11.Final]
	at io.netty.handler.codec.ByteToMessageDecoder.channelRead(ByteToMessageDecoder.java:284) [netty-codec-4.1.11.Final.jar:4.1.11.Final]
	at io.netty.channel.AbstractChannelHandlerContext.invokeChannelRead(AbstractChannelHandlerContext.java:362) [netty-transport-4.1.11.Final.jar:4.1.11.Final]
	at io.netty.channel.AbstractChannelHandlerContext.invokeChannelRead(AbstractChannelHandlerContext.java:348) [netty-transport-4.1.11.Final.jar:4.1.11.Final]
	at io.netty.channel.AbstractChannelHandlerContext.fireChannelRead(AbstractChannelHandlerContext.java:340) [netty-transport-4.1.11.Final.jar:4.1.11.Final]
	at io.netty.channel.ChannelInboundHandlerAdapter.channelRead(ChannelInboundHandlerAdapter.java:86) [netty-transport-4.1.11.Final.jar:4.1.11.Final]
	at io.netty.channel.AbstractChannelHandlerContext.invokeChannelRead(AbstractChannelHandlerContext.java:362) [netty-transport-4.1.11.Final.jar:4.1.11.Final]
	at io.netty.channel.AbstractChannelHandlerContext.invokeChannelRead(AbstractChannelHandlerContext.java:348) [netty-transport-4.1.11.Final.jar:4.1.11.Final]
	at io.netty.channel.AbstractChannelHandlerContext.fireChannelRead(AbstractChannelHandlerContext.java:340) [netty-transport-4.1.11.Final.jar:4.1.11.Final]
	at io.netty.channel.DefaultChannelPipeline$HeadContext.channelRead(DefaultChannelPipeline.java:1334) [netty-transport-4.1.11.Final.jar:4.1.11.Final]
	at io.netty.channel.AbstractChannelHandlerContext.invokeChannelRead(AbstractChannelHandlerContext.java:362) [netty-transport-4.1.11.Final.jar:4.1.11.Final]
	at io.netty.channel.AbstractChannelHandlerContext.invokeChannelRead(AbstractChannelHandlerContext.java:348) [netty-transport-4.1.11.Final.jar:4.1.11.Final]
	at io.netty.channel.DefaultChannelPipeline.fireChannelRead(DefaultChannelPipeline.java:926) [netty-transport-4.1.11.Final.jar:4.1.11.Final]
	at io.netty.channel.nio.AbstractNioByteChannel$NioByteUnsafe.read(AbstractNioByteChannel.java:134) [netty-transport-4.1.11.Final.jar:4.1.11.Final]
	at io.netty.channel.nio.NioEventLoop.processSelectedKey(NioEventLoop.java:644) [netty-transport-4.1.11.Final.jar:4.1.11.Final]
	at io.netty.channel.nio.NioEventLoop.processSelectedKeysPlain(NioEventLoop.java:544) [netty-transport-4.1.11.Final.jar:4.1.11.Final]
	at io.netty.channel.nio.NioEventLoop.processSelectedKeys(NioEventLoop.java:498) [netty-transport-4.1.11.Final.jar:4.1.11.Final]
	at io.netty.channel.nio.NioEventLoop.run(NioEventLoop.java:458) [netty-transport-4.1.11.Final.jar:4.1.11.Final]
	at io.netty.util.concurrent.SingleThreadEventExecutor$5.run(SingleThreadEventExecutor.java:858) [netty-common-4.1.11.Final.jar:4.1.11.Final]
	at java.lang.Thread.run(Thread.java:748) [?:1.8.0_152]
[2018-02-10T22:56:14,400][INFO ][o.e.n.Node               ] [9pw6Qxm] stopping ...
[2018-02-10T22:56:14,585][INFO ][o.e.n.Node               ] [9pw6Qxm] stopped
[2018-02-10T22:56:14,586][INFO ][o.e.n.Node               ] [9pw6Qxm] closing ...
[2018-02-10T22:56:14,593][INFO ][o.e.n.Node               ] [9pw6Qxm] closed
