[2017-11-20T17:41:25,895][INFO ][o.e.n.Node               ] [] initializing ...
[2017-11-20T17:41:25,952][INFO ][o.e.e.NodeEnvironment    ] [9pw6Qxm] using [1] data paths, mounts [[/ (/dev/sdb2)]], net usable_space [113.1gb], net total_space [220.1gb], spins? [no], types [ext4]
[2017-11-20T17:41:25,953][INFO ][o.e.e.NodeEnvironment    ] [9pw6Qxm] heap size [1.9gb], compressed ordinary object pointers [true]
[2017-11-20T17:41:25,954][INFO ][o.e.n.Node               ] node name [9pw6Qxm] derived from node ID [9pw6QxmEQDyXUD5SbuUaqQ]; set [node.name] to override
[2017-11-20T17:41:25,954][INFO ][o.e.n.Node               ] version[5.5.1], pid[16824], build[19c13d0/2017-07-18T20:44:24.823Z], OS[Linux/4.10.0-38-generic/amd64], JVM[Oracle Corporation/Java HotSpot(TM) 64-Bit Server VM/1.8.0_144/25.144-b01]
[2017-11-20T17:41:25,954][INFO ][o.e.n.Node               ] JVM arguments [-Xms2g, -Xmx2g, -XX:+UseConcMarkSweepGC, -XX:CMSInitiatingOccupancyFraction=75, -XX:+UseCMSInitiatingOccupancyOnly, -XX:+AlwaysPreTouch, -Xss1m, -Djava.awt.headless=true, -Dfile.encoding=UTF-8, -Djna.nosys=true, -Djdk.io.permissionsUseCanonicalPath=true, -Dio.netty.noUnsafe=true, -Dio.netty.noKeySetOptimization=true, -Dio.netty.recycler.maxCapacityPerThread=0, -Dlog4j.shutdownHookEnabled=false, -Dlog4j2.disable.jmx=true, -Dlog4j.skipJansi=true, -XX:+HeapDumpOnOutOfMemoryError, -Des.path.home=/opt/elasticsearch-5.5.1]
[2017-11-20T17:41:26,457][INFO ][o.e.p.PluginsService     ] [9pw6Qxm] loaded module [aggs-matrix-stats]
[2017-11-20T17:41:26,457][INFO ][o.e.p.PluginsService     ] [9pw6Qxm] loaded module [ingest-common]
[2017-11-20T17:41:26,457][INFO ][o.e.p.PluginsService     ] [9pw6Qxm] loaded module [lang-expression]
[2017-11-20T17:41:26,457][INFO ][o.e.p.PluginsService     ] [9pw6Qxm] loaded module [lang-groovy]
[2017-11-20T17:41:26,458][INFO ][o.e.p.PluginsService     ] [9pw6Qxm] loaded module [lang-mustache]
[2017-11-20T17:41:26,458][INFO ][o.e.p.PluginsService     ] [9pw6Qxm] loaded module [lang-painless]
[2017-11-20T17:41:26,458][INFO ][o.e.p.PluginsService     ] [9pw6Qxm] loaded module [parent-join]
[2017-11-20T17:41:26,458][INFO ][o.e.p.PluginsService     ] [9pw6Qxm] loaded module [percolator]
[2017-11-20T17:41:26,458][INFO ][o.e.p.PluginsService     ] [9pw6Qxm] loaded module [reindex]
[2017-11-20T17:41:26,458][INFO ][o.e.p.PluginsService     ] [9pw6Qxm] loaded module [transport-netty3]
[2017-11-20T17:41:26,458][INFO ][o.e.p.PluginsService     ] [9pw6Qxm] loaded module [transport-netty4]
[2017-11-20T17:41:26,458][INFO ][o.e.p.PluginsService     ] [9pw6Qxm] no plugins loaded
[2017-11-20T17:41:27,545][INFO ][o.e.d.DiscoveryModule    ] [9pw6Qxm] using discovery type [zen]
[2017-11-20T17:41:27,971][INFO ][o.e.n.Node               ] initialized
[2017-11-20T17:41:27,971][INFO ][o.e.n.Node               ] [9pw6Qxm] starting ...
[2017-11-20T17:41:28,073][INFO ][o.e.t.TransportService   ] [9pw6Qxm] publish_address {127.0.0.1:9300}, bound_addresses {[::1]:9300}, {127.0.0.1:9300}
[2017-11-20T17:41:31,131][INFO ][o.e.c.s.ClusterService   ] [9pw6Qxm] new_master {9pw6Qxm}{9pw6QxmEQDyXUD5SbuUaqQ}{b2yT89zoTfeDzT6qygGzhQ}{127.0.0.1}{127.0.0.1:9300}, reason: zen-disco-elected-as-master ([0] nodes joined)
[2017-11-20T17:41:31,154][INFO ][o.e.h.n.Netty4HttpServerTransport] [9pw6Qxm] publish_address {127.0.0.1:9200}, bound_addresses {[::1]:9200}, {127.0.0.1:9200}
[2017-11-20T17:41:31,155][INFO ][o.e.n.Node               ] [9pw6Qxm] started
[2017-11-20T17:41:31,163][INFO ][o.e.g.GatewayService     ] [9pw6Qxm] recovered [0] indices into cluster_state
[2017-11-20T17:43:15,418][INFO ][o.e.c.m.MetaDataCreateIndexService] [9pw6Qxm] [kk] creating index, cause [auto(bulk api)], templates [], shards [5]/[1], mappings []
[2017-11-20T17:43:15,513][INFO ][o.e.c.m.MetaDataCreateIndexService] [9pw6Qxm] [mongodb_meta] creating index, cause [auto(bulk api)], templates [], shards [5]/[1], mappings []
[2017-11-20T17:43:15,965][INFO ][o.e.c.m.MetaDataMappingService] [9pw6Qxm] [mongodb_meta/T17jTOcMRIqavzRJBW0V8Q] create_mapping [mongodb_meta]
[2017-11-20T17:43:15,985][INFO ][o.e.c.m.MetaDataMappingService] [9pw6Qxm] [kk/7UFV9TTaTNimgsdM_MQ55g] create_mapping [users]
[2017-11-20T17:43:16,045][INFO ][o.e.c.m.MetaDataCreateIndexService] [9pw6Qxm] [usping] creating index, cause [auto(bulk api)], templates [], shards [5]/[1], mappings []
[2017-11-20T17:43:16,226][INFO ][o.e.c.m.MetaDataMappingService] [9pw6Qxm] [usping/oQpBJvsEQ7SOPoPXdjqgSA] create_mapping [comment]
[2017-11-20T17:43:16,463][INFO ][o.e.c.m.MetaDataMappingService] [9pw6Qxm] [usping/oQpBJvsEQ7SOPoPXdjqgSA] create_mapping [service]
[2017-11-20T17:43:16,520][INFO ][o.e.c.m.MetaDataMappingService] [9pw6Qxm] [usping/oQpBJvsEQ7SOPoPXdjqgSA] update_mapping [service]
[2017-11-20T17:43:16,691][INFO ][o.e.c.m.MetaDataMappingService] [9pw6Qxm] [usping/oQpBJvsEQ7SOPoPXdjqgSA] update_mapping [service]
[2017-11-20T17:43:16,768][INFO ][o.e.c.m.MetaDataMappingService] [9pw6Qxm] [usping/oQpBJvsEQ7SOPoPXdjqgSA] create_mapping [menu]
[2017-11-20T17:43:16,960][INFO ][o.e.c.m.MetaDataMappingService] [9pw6Qxm] [usping/oQpBJvsEQ7SOPoPXdjqgSA] create_mapping [news]
[2017-11-20T17:43:17,011][INFO ][o.e.c.m.MetaDataMappingService] [9pw6Qxm] [usping/oQpBJvsEQ7SOPoPXdjqgSA] update_mapping [news]
[2017-11-20T17:43:17,103][INFO ][o.e.c.m.MetaDataMappingService] [9pw6Qxm] [usping/oQpBJvsEQ7SOPoPXdjqgSA] update_mapping [news]
[2017-11-20T17:43:34,743][INFO ][o.e.c.m.MetaDataMappingService] [9pw6Qxm] [usping/oQpBJvsEQ7SOPoPXdjqgSA] create_mapping [note]
[2017-11-20T17:43:34,781][INFO ][o.e.c.m.MetaDataMappingService] [9pw6Qxm] [usping/oQpBJvsEQ7SOPoPXdjqgSA] create_mapping [rule]
[2017-11-20T17:43:34,784][INFO ][o.e.c.m.MetaDataMappingService] [9pw6Qxm] [usping/oQpBJvsEQ7SOPoPXdjqgSA] update_mapping [rule]
[2017-11-20T18:04:37,963][INFO ][o.e.n.Node               ] [9pw6Qxm] stopping ...
[2017-11-20T18:04:38,117][INFO ][o.e.n.Node               ] [9pw6Qxm] stopped
[2017-11-20T18:04:38,117][INFO ][o.e.n.Node               ] [9pw6Qxm] closing ...
[2017-11-20T18:04:38,128][INFO ][o.e.n.Node               ] [9pw6Qxm] closed
